[ 2016-01-22T00:02:26+08:00 ] 127.0.0.1 /index.php/home/menber/login/login
INFO: [ app_init ] --START--
INFO: Run Behavior\BuildLiteBehavior [ RunTime:0.000041s ]
INFO: [ app_init ] --END-- [ RunTime:0.000772s ]
INFO: [ app_begin ] --START--
INFO: Run Behavior\ReadHtmlCacheBehavior [ RunTime:0.007242s ]
INFO: [ app_begin ] --END-- [ RunTime:0.007465s ]
INFO: [ app_end ] --START--
INFO: Run Behavior\ShowPageTraceBehavior [ RunTime:0.001581s ]
INFO: [ app_end ] --END-- [ RunTime:0.001845s ]

[ 2016-01-22T00:03:29+08:00 ] 127.0.0.1 /index.php/home/menber/login
INFO: [ app_init ] --START--
INFO: Run Behavior\BuildLiteBehavior [ RunTime:0.000044s ]
INFO: [ app_init ] --END-- [ RunTime:0.000878s ]
INFO: [ app_begin ] --START--
INFO: Run Behavior\ReadHtmlCacheBehavior [ RunTime:0.000773s ]
INFO: [ app_begin ] --END-- [ RunTime:0.000967s ]
INFO: [ app_end ] --START--
INFO: Run Behavior\ShowPageTraceBehavior [ RunTime:0.000975s ]
INFO: [ app_end ] --END-- [ RunTime:0.001183s ]

[ 2016-01-22T00:03:46+08:00 ] 127.0.0.1 /index.php/home/goods/add
INFO: [ app_init ] --START--
INFO: Run Behavior\BuildLiteBehavior [ RunTime:0.000062s ]
INFO: [ app_init ] --END-- [ RunTime:0.001288s ]
INFO: [ app_begin ] --START--
INFO: Run Behavior\ReadHtmlCacheBehavior [ RunTime:0.001715s ]
INFO: [ app_begin ] --END-- [ RunTime:0.001996s ]
INFO: [ app_end ] --START--
INFO: Run Behavior\ShowPageTraceBehavior [ RunTime:0.002310s ]
INFO: [ app_end ] --END-- [ RunTime:0.002669s ]

[ 2016-01-22T00:04:05+08:00 ] 127.0.0.1 /index.php/home/index/index
INFO: [ app_init ] --START--
INFO: Run Behavior\BuildLiteBehavior [ RunTime:0.000046s ]
INFO: [ app_init ] --END-- [ RunTime:0.000993s ]
INFO: [ app_begin ] --START--
INFO: Run Behavior\ReadHtmlCacheBehavior [ RunTime:0.001004s ]
INFO: [ app_begin ] --END-- [ RunTime:0.001347s ]
INFO: [ app_end ] --START--
INFO: Run Behavior\ShowPageTraceBehavior [ RunTime:0.001371s ]
INFO: [ app_end ] --END-- [ RunTime:0.001566s ]

[ 2016-01-22T00:04:11+08:00 ] 127.0.0.1 /index.php/index/index
INFO: [ app_init ] --START--
INFO: Run Behavior\BuildLiteBehavior [ RunTime:0.000062s ]
INFO: [ app_init ] --END-- [ RunTime:0.001090s ]
INFO: [ app_begin ] --START--
INFO: Run Behavior\ReadHtmlCacheBehavior [ RunTime:0.000945s ]
INFO: [ app_begin ] --END-- [ RunTime:0.001137s ]
INFO: [ view_parse ] --START--
INFO: Run Behavior\ParseTemplateBehavior [ RunTime:0.000650s ]
INFO: [ view_parse ] --END-- [ RunTime:0.000815s ]
INFO: [ view_filter ] --START--
INFO: Run Behavior\WriteHtmlCacheBehavior [ RunTime:0.000525s ]
INFO: [ view_filter ] --END-- [ RunTime:0.000673s ]
INFO: [ app_end ] --START--
INFO: Run Behavior\ShowPageTraceBehavior [ RunTime:0.000748s ]
INFO: [ app_end ] --END-- [ RunTime:0.000941s ]

[ 2016-01-22T00:04:23+08:00 ] 127.0.0.1 /index.php/menber/login
INFO: [ app_init ] --START--
INFO: Run Behavior\BuildLiteBehavior [ RunTime:0.000048s ]
INFO: [ app_init ] --END-- [ RunTime:0.000895s ]
INFO: [ app_begin ] --START--
INFO: Run Behavior\ReadHtmlCacheBehavior [ RunTime:0.001406s ]
INFO: [ app_begin ] --END-- [ RunTime:0.001670s ]
ERR: 模板不存在:./Application/Home/View/Menber/login.html

[ 2016-01-22T00:04:51+08:00 ] 127.0.0.1 /index.php/menber/login
INFO: [ app_init ] --START--
INFO: Run Behavior\BuildLiteBehavior [ RunTime:0.000052s ]
INFO: [ app_init ] --END-- [ RunTime:0.001034s ]
INFO: [ app_begin ] --START--
INFO: Run Behavior\ReadHtmlCacheBehavior [ RunTime:0.001677s ]
INFO: [ app_begin ] --END-- [ RunTime:0.002115s ]
INFO: [ view_parse ] --START--
INFO: [ template_filter ] --START--
INFO: Run Behavior\ContentReplaceBehavior [ RunTime:0.000099s ]
INFO: [ template_filter ] --END-- [ RunTime:0.000377s ]
INFO: Run Behavior\ParseTemplateBehavior [ RunTime:0.013954s ]
INFO: [ view_parse ] --END-- [ RunTime:0.014190s ]
INFO: [ view_filter ] --START--
INFO: Run Behavior\WriteHtmlCacheBehavior [ RunTime:0.000446s ]
INFO: [ view_filter ] --END-- [ RunTime:0.000596s ]
INFO: [ app_end ] --START--
INFO: Run Behavior\ShowPageTraceBehavior [ RunTime:0.000956s ]
INFO: [ app_end ] --END-- [ RunTime:0.001176s ]

[ 2016-01-22T00:13:43+08:00 ] 127.0.0.1 /index.php/menber/login
INFO: [ app_init ] --START--
INFO: Run Behavior\BuildLiteBehavior [ RunTime:0.000041s ]
INFO: [ app_init ] --END-- [ RunTime:0.000707s ]
INFO: [ app_begin ] --START--
INFO: Run Behavior\ReadHtmlCacheBehavior [ RunTime:0.001020s ]
INFO: [ app_begin ] --END-- [ RunTime:0.001210s ]
INFO: [ view_parse ] --START--
INFO: [ template_filter ] --START--
INFO: Run Behavior\ContentReplaceBehavior [ RunTime:0.000102s ]
INFO: [ template_filter ] --END-- [ RunTime:0.000289s ]
INFO: Run Behavior\ParseTemplateBehavior [ RunTime:0.011786s ]
INFO: [ view_parse ] --END-- [ RunTime:0.012014s ]
INFO: [ view_filter ] --START--
INFO: Run Behavior\WriteHtmlCacheBehavior [ RunTime:0.000585s ]
INFO: [ view_filter ] --END-- [ RunTime:0.000814s ]
INFO: [ app_end ] --START--
INFO: Run Behavior\ShowPageTraceBehavior [ RunTime:0.000935s ]
INFO: [ app_end ] --END-- [ RunTime:0.001120s ]

[ 2016-01-22T00:16:01+08:00 ] 127.0.0.1 /index.php/menber/login
INFO: [ app_init ] --START--
INFO: Run Behavior\BuildLiteBehavior [ RunTime:0.000042s ]
INFO: [ app_init ] --END-- [ RunTime:0.001156s ]
INFO: [ app_begin ] --START--
INFO: Run Behavior\ReadHtmlCacheBehavior [ RunTime:0.004913s ]
INFO: [ app_begin ] --END-- [ RunTime:0.005121s ]
INFO: [ app_end ] --START--
INFO: Run Behavior\ShowPageTraceBehavior [ RunTime:0.001619s ]
INFO: [ app_end ] --END-- [ RunTime:0.001891s ]

[ 2016-01-22T00:16:06+08:00 ] 127.0.0.1 /index.php/member/login
INFO: [ app_init ] --START--
INFO: Run Behavior\BuildLiteBehavior [ RunTime:0.000248s ]
INFO: [ app_init ] --END-- [ RunTime:0.001436s ]
INFO: [ app_begin ] --START--
INFO: Run Behavior\ReadHtmlCacheBehavior [ RunTime:0.001474s ]
INFO: [ app_begin ] --END-- [ RunTime:0.001754s ]
INFO: [ app_end ] --START--
INFO: Run Behavior\ShowPageTraceBehavior [ RunTime:0.001224s ]
INFO: [ app_end ] --END-- [ RunTime:0.001409s ]

[ 2016-01-22T00:16:54+08:00 ] 127.0.0.1 /index.php/member/login
INFO: [ app_init ] --START--
INFO: Run Behavior\BuildLiteBehavior [ RunTime:0.000043s ]
INFO: [ app_init ] --END-- [ RunTime:0.000865s ]
INFO: [ app_begin ] --START--
INFO: Run Behavior\ReadHtmlCacheBehavior [ RunTime:0.000912s ]
INFO: [ app_begin ] --END-- [ RunTime:0.001117s ]
INFO: [ app_end ] --START--
INFO: Run Behavior\ShowPageTraceBehavior [ RunTime:0.001119s ]
INFO: [ app_end ] --END-- [ RunTime:0.001324s ]

[ 2016-01-22T00:17:00+08:00 ] 127.0.0.1 /index.php
INFO: [ app_init ] --START--
INFO: Run Behavior\BuildLiteBehavior [ RunTime:0.000059s ]
INFO: [ app_init ] --END-- [ RunTime:0.001288s ]
INFO: [ app_begin ] --START--
INFO: Run Behavior\ReadHtmlCacheBehavior [ RunTime:0.001021s ]
INFO: [ app_begin ] --END-- [ RunTime:0.001220s ]
INFO: [ view_parse ] --START--
INFO: Run Behavior\ParseTemplateBehavior [ RunTime:0.002027s ]
INFO: [ view_parse ] --END-- [ RunTime:0.002241s ]
INFO: [ view_filter ] --START--
INFO: Run Behavior\WriteHtmlCacheBehavior [ RunTime:0.000795s ]
INFO: [ view_filter ] --END-- [ RunTime:0.000979s ]
INFO: [ app_end ] --START--
INFO: Run Behavior\ShowPageTraceBehavior [ RunTime:0.000948s ]
INFO: [ app_end ] --END-- [ RunTime:0.001096s ]

[ 2016-01-22T00:17:10+08:00 ] 127.0.0.1 /index.php/member/login
INFO: [ app_init ] --START--
INFO: Run Behavior\BuildLiteBehavior [ RunTime:0.000074s ]
INFO: [ app_init ] --END-- [ RunTime:0.000796s ]
INFO: [ app_begin ] --START--
INFO: Run Behavior\ReadHtmlCacheBehavior [ RunTime:0.001297s ]
INFO: [ app_begin ] --END-- [ RunTime:0.001757s ]
INFO: [ app_end ] --START--
INFO: Run Behavior\ShowPageTraceBehavior [ RunTime:0.000808s ]
INFO: [ app_end ] --END-- [ RunTime:0.001121s ]

[ 2016-01-22T00:17:41+08:00 ] 127.0.0.1 /index.php/member/login
INFO: [ app_init ] --START--
INFO: Run Behavior\BuildLiteBehavior [ RunTime:0.000046s ]
INFO: [ app_init ] --END-- [ RunTime:0.006967s ]
INFO: [ app_begin ] --START--
INFO: Run Behavior\ReadHtmlCacheBehavior [ RunTime:0.001114s ]
INFO: [ app_begin ] --END-- [ RunTime:0.001323s ]
INFO: [ view_parse ] --START--
INFO: [ template_filter ] --START--
INFO: Run Behavior\ContentReplaceBehavior [ RunTime:0.000113s ]
INFO: [ template_filter ] --END-- [ RunTime:0.000319s ]
INFO: Run Behavior\ParseTemplateBehavior [ RunTime:0.014761s ]
INFO: [ view_parse ] --END-- [ RunTime:0.015008s ]
INFO: [ view_filter ] --START--
INFO: Run Behavior\WriteHtmlCacheBehavior [ RunTime:0.000460s ]
INFO: [ view_filter ] --END-- [ RunTime:0.000609s ]
INFO: [ app_end ] --START--
INFO: Run Behavior\ShowPageTraceBehavior [ RunTime:0.000763s ]
INFO: [ app_end ] --END-- [ RunTime:0.000914s ]

[ 2016-01-22T00:18:19+08:00 ] 127.0.0.1 /index.php/Member/checkLogin
INFO: [ app_init ] --START--
INFO: Run Behavior\BuildLiteBehavior [ RunTime:0.000044s ]
INFO: [ app_init ] --END-- [ RunTime:0.000909s ]
INFO: [ app_begin ] --START--
INFO: Run Behavior\ReadHtmlCacheBehavior [ RunTime:0.001046s ]
INFO: [ app_begin ] --END-- [ RunTime:0.001270s ]
INFO: [ app_end ] --START--
INFO: Run Behavior\ShowPageTraceBehavior [ RunTime:0.001380s ]
INFO: [ app_end ] --END-- [ RunTime:0.001620s ]

[ 2016-01-22T00:20:56+08:00 ] 127.0.0.1 /index.php/Member/login
INFO: [ app_init ] --START--
INFO: Run Behavior\BuildLiteBehavior [ RunTime:0.000039s ]
INFO: [ app_init ] --END-- [ RunTime:0.000687s ]
INFO: [ app_begin ] --START--
INFO: Run Behavior\ReadHtmlCacheBehavior [ RunTime:0.000919s ]
INFO: [ app_begin ] --END-- [ RunTime:0.001126s ]
INFO: [ view_parse ] --START--
INFO: [ template_filter ] --START--
INFO: Run Behavior\ContentReplaceBehavior [ RunTime:0.000099s ]
INFO: [ template_filter ] --END-- [ RunTime:0.000287s ]
INFO: Run Behavior\ParseTemplateBehavior [ RunTime:0.011263s ]
INFO: [ view_parse ] --END-- [ RunTime:0.011457s ]
INFO: [ view_filter ] --START--
INFO: Run Behavior\WriteHtmlCacheBehavior [ RunTime:0.000645s ]
INFO: [ view_filter ] --END-- [ RunTime:0.000818s ]
INFO: [ app_end ] --START--
INFO: Run Behavior\ShowPageTraceBehavior [ RunTime:0.000898s ]
INFO: [ app_end ] --END-- [ RunTime:0.001084s ]

[ 2016-01-22T00:21:04+08:00 ] 127.0.0.1 /index.php/Member/checkLogin
INFO: [ app_init ] --START--
INFO: Run Behavior\BuildLiteBehavior [ RunTime:0.000042s ]
INFO: [ app_init ] --END-- [ RunTime:0.001463s ]
INFO: [ app_begin ] --START--
INFO: Run Behavior\ReadHtmlCacheBehavior [ RunTime:0.001189s ]
INFO: [ app_begin ] --END-- [ RunTime:0.001386s ]
INFO: [ view_parse ] --START--
INFO: [ template_filter ] --START--
INFO: Run Behavior\ContentReplaceBehavior [ RunTime:0.000117s ]
INFO: [ template_filter ] --END-- [ RunTime:0.000345s ]
INFO: Run Behavior\ParseTemplateBehavior [ RunTime:0.054845s ]
INFO: [ view_parse ] --END-- [ RunTime:0.055092s ]
INFO: [ view_filter ] --START--
INFO: Run Behavior\WriteHtmlCacheBehavior [ RunTime:0.000646s ]
INFO: [ view_filter ] --END-- [ RunTime:0.000835s ]
INFO: [ app_end ] --START--
INFO: Run Behavior\ShowPageTraceBehavior [ RunTime:0.001158s ]
INFO: [ app_end ] --END-- [ RunTime:0.001350s ]

[ 2016-01-22T00:21:05+08:00 ] 127.0.0.1 /index.php/Member/test
INFO: [ app_init ] --START--
INFO: Run Behavior\BuildLiteBehavior [ RunTime:0.000044s ]
INFO: [ app_init ] --END-- [ RunTime:0.000813s ]
INFO: [ app_begin ] --START--
INFO: Run Behavior\ReadHtmlCacheBehavior [ RunTime:0.000941s ]
INFO: [ app_begin ] --END-- [ RunTime:0.001143s ]
INFO: [ app_end ] --START--
INFO: Run Behavior\ShowPageTraceBehavior [ RunTime:0.001116s ]
INFO: [ app_end ] --END-- [ RunTime:0.001316s ]

[ 2016-01-22T00:21:50+08:00 ] 127.0.0.1 /index.php/Member/checkLogin
INFO: [ app_init ] --START--
INFO: Run Behavior\BuildLiteBehavior [ RunTime:0.000041s ]
INFO: [ app_init ] --END-- [ RunTime:0.000670s ]
INFO: [ app_begin ] --START--
INFO: Run Behavior\ReadHtmlCacheBehavior [ RunTime:0.000797s ]
INFO: [ app_begin ] --END-- [ RunTime:0.000963s ]
INFO: [ view_parse ] --START--
INFO: [ template_filter ] --START--
INFO: Run Behavior\ContentReplaceBehavior [ RunTime:0.000103s ]
INFO: [ template_filter ] --END-- [ RunTime:0.000490s ]
INFO: Run Behavior\ParseTemplateBehavior [ RunTime:0.015742s ]
INFO: [ view_parse ] --END-- [ RunTime:0.015953s ]
INFO: [ view_filter ] --START--
INFO: Run Behavior\WriteHtmlCacheBehavior [ RunTime:0.000458s ]
INFO: [ view_filter ] --END-- [ RunTime:0.000620s ]

[ 2016-01-22T00:21:53+08:00 ] 127.0.0.1 /index.php/Member/login
INFO: [ app_init ] --START--
INFO: Run Behavior\BuildLiteBehavior [ RunTime:0.000046s ]
INFO: [ app_init ] --END-- [ RunTime:0.000969s ]
INFO: [ app_begin ] --START--
INFO: Run Behavior\ReadHtmlCacheBehavior [ RunTime:0.001153s ]
INFO: [ app_begin ] --END-- [ RunTime:0.001394s ]
INFO: [ view_parse ] --START--
INFO: [ template_filter ] --START--
INFO: Run Behavior\ContentReplaceBehavior [ RunTime:0.000096s ]
INFO: [ template_filter ] --END-- [ RunTime:0.000268s ]
INFO: Run Behavior\ParseTemplateBehavior [ RunTime:0.009882s ]
INFO: [ view_parse ] --END-- [ RunTime:0.010071s ]
INFO: [ view_filter ] --START--
INFO: Run Behavior\WriteHtmlCacheBehavior [ RunTime:0.000438s ]
INFO: [ view_filter ] --END-- [ RunTime:0.000599s ]
INFO: [ app_end ] --START--
INFO: Run Behavior\ShowPageTraceBehavior [ RunTime:0.000776s ]
INFO: [ app_end ] --END-- [ RunTime:0.000958s ]

[ 2016-01-22T00:29:42+08:00 ] 127.0.0.1 /index.php/Member/checkLogin
INFO: [ app_init ] --START--
INFO: Run Behavior\BuildLiteBehavior [ RunTime:0.000040s ]
INFO: [ app_init ] --END-- [ RunTime:0.001163s ]
INFO: [ app_begin ] --START--
INFO: Run Behavior\ReadHtmlCacheBehavior [ RunTime:0.001320s ]
INFO: [ app_begin ] --END-- [ RunTime:0.001508s ]
INFO: [ view_parse ] --START--
INFO: [ template_filter ] --START--
INFO: Run Behavior\ContentReplaceBehavior [ RunTime:0.000144s ]
INFO: [ template_filter ] --END-- [ RunTime:0.000349s ]
INFO: Run Behavior\ParseTemplateBehavior [ RunTime:0.016999s ]
INFO: [ view_parse ] --END-- [ RunTime:0.017225s ]
INFO: [ view_filter ] --START--
INFO: Run Behavior\WriteHtmlCacheBehavior [ RunTime:0.000646s ]
INFO: [ view_filter ] --END-- [ RunTime:0.000829s ]

[ 2016-01-22T00:29:47+08:00 ] 127.0.0.1 /index.php/Member/login
INFO: [ app_init ] --START--
INFO: Run Behavior\BuildLiteBehavior [ RunTime:0.000042s ]
INFO: [ app_init ] --END-- [ RunTime:0.000710s ]
INFO: [ app_begin ] --START--
INFO: Run Behavior\ReadHtmlCacheBehavior [ RunTime:0.000837s ]
INFO: [ app_begin ] --END-- [ RunTime:0.001025s ]
INFO: [ view_parse ] --START--
INFO: [ template_filter ] --START--
INFO: Run Behavior\ContentReplaceBehavior [ RunTime:0.000113s ]
INFO: [ template_filter ] --END-- [ RunTime:0.000362s ]
INFO: Run Behavior\ParseTemplateBehavior [ RunTime:0.010130s ]
INFO: [ view_parse ] --END-- [ RunTime:0.010300s ]
INFO: [ view_filter ] --START--
INFO: Run Behavior\WriteHtmlCacheBehavior [ RunTime:0.000419s ]
INFO: [ view_filter ] --END-- [ RunTime:0.000585s ]
INFO: [ app_end ] --START--
INFO: Run Behavior\ShowPageTraceBehavior [ RunTime:0.000931s ]
INFO: [ app_end ] --END-- [ RunTime:0.001101s ]

[ 2016-01-22T00:35:56+08:00 ] 127.0.0.1 /index.php/Member/login
INFO: [ app_init ] --START--
INFO: Run Behavior\BuildLiteBehavior [ RunTime:0.000043s ]
INFO: [ app_init ] --END-- [ RunTime:0.000860s ]
INFO: [ app_begin ] --START--
INFO: Run Behavior\ReadHtmlCacheBehavior [ RunTime:0.000913s ]
INFO: [ app_begin ] --END-- [ RunTime:0.001125s ]
INFO: [ view_parse ] --START--
INFO: [ template_filter ] --START--
INFO: Run Behavior\ContentReplaceBehavior [ RunTime:0.000099s ]
INFO: [ template_filter ] --END-- [ RunTime:0.000281s ]
INFO: Run Behavior\ParseTemplateBehavior [ RunTime:0.010967s ]
INFO: [ view_parse ] --END-- [ RunTime:0.011152s ]
INFO: [ view_filter ] --START--
INFO: Run Behavior\WriteHtmlCacheBehavior [ RunTime:0.000585s ]
INFO: [ view_filter ] --END-- [ RunTime:0.000737s ]
INFO: [ app_end ] --START--
INFO: Run Behavior\ShowPageTraceBehavior [ RunTime:0.001010s ]
INFO: [ app_end ] --END-- [ RunTime:0.001173s ]

[ 2016-01-22T00:35:57+08:00 ] 127.0.0.1 /index.php/Member/login
INFO: [ app_init ] --START--
INFO: Run Behavior\BuildLiteBehavior [ RunTime:0.000040s ]
INFO: [ app_init ] --END-- [ RunTime:0.000632s ]
INFO: [ app_begin ] --START--
INFO: Run Behavior\ReadHtmlCacheBehavior [ RunTime:0.001131s ]
INFO: [ app_begin ] --END-- [ RunTime:0.001311s ]
INFO: [ view_parse ] --START--
INFO: [ template_filter ] --START--
INFO: Run Behavior\ContentReplaceBehavior [ RunTime:0.000096s ]
INFO: [ template_filter ] --END-- [ RunTime:0.000274s ]
INFO: Run Behavior\ParseTemplateBehavior [ RunTime:0.011375s ]
INFO: [ view_parse ] --END-- [ RunTime:0.011574s ]
INFO: [ view_filter ] --START--
INFO: Run Behavior\WriteHtmlCacheBehavior [ RunTime:0.000525s ]
INFO: [ view_filter ] --END-- [ RunTime:0.000678s ]
INFO: [ app_end ] --START--
INFO: Run Behavior\ShowPageTraceBehavior [ RunTime:0.005036s ]
INFO: [ app_end ] --END-- [ RunTime:0.005249s ]

[ 2016-01-22T00:36:03+08:00 ] 127.0.0.1 /index.php/Member/checkLogin
INFO: [ app_init ] --START--
INFO: Run Behavior\BuildLiteBehavior [ RunTime:0.000041s ]
INFO: [ app_init ] --END-- [ RunTime:0.000673s ]
INFO: [ app_begin ] --START--
INFO: Run Behavior\ReadHtmlCacheBehavior [ RunTime:0.000774s ]
INFO: [ app_begin ] --END-- [ RunTime:0.000967s ]
INFO: [ view_parse ] --START--
INFO: [ template_filter ] --START--
INFO: Run Behavior\ContentReplaceBehavior [ RunTime:0.000100s ]
INFO: [ template_filter ] --END-- [ RunTime:0.000340s ]
INFO: Run Behavior\ParseTemplateBehavior [ RunTime:0.011096s ]
INFO: [ view_parse ] --END-- [ RunTime:0.011289s ]
INFO: [ view_filter ] --START--
INFO: Run Behavior\WriteHtmlCacheBehavior [ RunTime:0.000471s ]
INFO: [ view_filter ] --END-- [ RunTime:0.000638s ]
INFO: [ app_end ] --START--
INFO: Run Behavior\ShowPageTraceBehavior [ RunTime:0.001082s ]
INFO: [ app_end ] --END-- [ RunTime:0.001248s ]

[ 2016-01-22T00:36:04+08:00 ] 127.0.0.1 /index.php/Member/test
INFO: [ app_init ] --START--
INFO: Run Behavior\BuildLiteBehavior [ RunTime:0.000039s ]
INFO: [ app_init ] --END-- [ RunTime:0.000668s ]
INFO: [ app_begin ] --START--
INFO: Run Behavior\ReadHtmlCacheBehavior [ RunTime:0.000764s ]
INFO: [ app_begin ] --END-- [ RunTime:0.000922s ]

[ 2016-01-22T00:36:04+08:00 ] 127.0.0.1 /index.php/Member/test2.html
INFO: [ app_init ] --START--
INFO: Run Behavior\BuildLiteBehavior [ RunTime:0.000041s ]
INFO: [ app_init ] --END-- [ RunTime:0.000663s ]
INFO: [ app_begin ] --START--
INFO: Run Behavior\ReadHtmlCacheBehavior [ RunTime:0.000956s ]
INFO: [ app_begin ] --END-- [ RunTime:0.001150s ]
INFO: [ app_end ] --START--
INFO: Run Behavior\ShowPageTraceBehavior [ RunTime:0.000858s ]
INFO: [ app_end ] --END-- [ RunTime:0.001050s ]

[ 2016-01-22T15:07:01+08:00 ] 127.0.0.1 /home/member/login
INFO: [ app_init ] --START--
INFO: Run Behavior\BuildLiteBehavior [ RunTime:0.000065s ]
INFO: [ app_init ] --END-- [ RunTime:0.018373s ]
INFO: [ app_begin ] --START--
INFO: Run Behavior\ReadHtmlCacheBehavior [ RunTime:0.002962s ]
INFO: [ app_begin ] --END-- [ RunTime:0.003657s ]
INFO: [ app_end ] --START--
INFO: Run Behavior\ShowPageTraceBehavior [ RunTime:0.001999s ]
INFO: [ app_end ] --END-- [ RunTime:0.002312s ]

[ 2016-01-22T15:07:01+08:00 ] 127.0.0.1 /favicon.ico
INFO: [ app_init ] --START--
INFO: Run Behavior\BuildLiteBehavior [ RunTime:0.000064s ]
INFO: [ app_init ] --END-- [ RunTime:0.001192s ]

[ 2016-01-22T15:07:01+08:00 ] 127.0.0.1 /favicon.ico
INFO: [ app_init ] --START--
INFO: Run Behavior\BuildLiteBehavior [ RunTime:0.000065s ]
INFO: [ app_init ] --END-- [ RunTime:0.001252s ]

[ 2016-01-22T15:07:15+08:00 ] 127.0.0.1 /index.php/home/member/login
INFO: [ app_init ] --START--
INFO: Run Behavior\BuildLiteBehavior [ RunTime:0.000065s ]
INFO: [ app_init ] --END-- [ RunTime:0.001353s ]
INFO: [ app_begin ] --START--
INFO: Run Behavior\ReadHtmlCacheBehavior [ RunTime:0.001562s ]
INFO: [ app_begin ] --END-- [ RunTime:0.001877s ]
INFO: [ app_end ] --START--
INFO: Run Behavior\ShowPageTraceBehavior [ RunTime:0.001341s ]
INFO: [ app_end ] --END-- [ RunTime:0.001647s ]

[ 2016-01-22T15:07:35+08:00 ] 127.0.0.1 /index.php/member/login
INFO: [ app_init ] --START--
INFO: Run Behavior\BuildLiteBehavior [ RunTime:0.000067s ]
INFO: [ app_init ] --END-- [ RunTime:0.001246s ]
INFO: [ app_begin ] --START--
INFO: Run Behavior\ReadHtmlCacheBehavior [ RunTime:0.002647s ]
INFO: [ app_begin ] --END-- [ RunTime:0.002997s ]
INFO: [ view_parse ] --START--
INFO: [ template_filter ] --START--
INFO: Run Behavior\ContentReplaceBehavior [ RunTime:0.000144s ]
INFO: [ template_filter ] --END-- [ RunTime:0.000455s ]
NOTIC: [8] Undefined variable: name E:\www\tp_demo\Application\Runtime\Cache\Home\c4e9b6f7cdab83725c9facfcc5440efe.php 第 8 行.
INFO: Run Behavior\ParseTemplateBehavior [ RunTime:0.044819s ]
INFO: [ view_parse ] --END-- [ RunTime:0.045108s ]
INFO: [ view_filter ] --START--
INFO: Run Behavior\WriteHtmlCacheBehavior [ RunTime:0.016180s ]
INFO: [ view_filter ] --END-- [ RunTime:0.016466s ]
INFO: [ app_end ] --START--
INFO: Run Behavior\ShowPageTraceBehavior [ RunTime:0.001430s ]
INFO: [ app_end ] --END-- [ RunTime:0.001724s ]

[ 2016-01-22T15:07:54+08:00 ] 127.0.0.1 /member/login
INFO: [ app_init ] --START--
INFO: Run Behavior\BuildLiteBehavior [ RunTime:0.000067s ]
INFO: [ app_init ] --END-- [ RunTime:0.001690s ]
INFO: [ app_begin ] --START--
INFO: Run Behavior\ReadHtmlCacheBehavior [ RunTime:0.001503s ]
INFO: [ app_begin ] --END-- [ RunTime:0.001832s ]
INFO: [ view_parse ] --START--
INFO: [ template_filter ] --START--
INFO: Run Behavior\ContentReplaceBehavior [ RunTime:0.000145s ]
INFO: [ template_filter ] --END-- [ RunTime:0.000451s ]
NOTIC: [8] Undefined variable: name E:\www\tp_demo\Application\Runtime\Cache\Home\c4e9b6f7cdab83725c9facfcc5440efe.php 第 8 行.
INFO: Run Behavior\ParseTemplateBehavior [ RunTime:0.016205s ]
INFO: [ view_parse ] --END-- [ RunTime:0.016494s ]
INFO: [ view_filter ] --START--
INFO: Run Behavior\WriteHtmlCacheBehavior [ RunTime:0.001208s ]
INFO: [ view_filter ] --END-- [ RunTime:0.001628s ]
INFO: [ app_end ] --START--
INFO: Run Behavior\ShowPageTraceBehavior [ RunTime:0.001965s ]
INFO: [ app_end ] --END-- [ RunTime:0.002264s ]

[ 2016-01-22T15:07:56+08:00 ] 127.0.0.1 /member/login
INFO: [ app_init ] --START--
INFO: Run Behavior\BuildLiteBehavior [ RunTime:0.000066s ]
INFO: [ app_init ] --END-- [ RunTime:0.001303s ]
INFO: [ app_begin ] --START--
INFO: Run Behavior\ReadHtmlCacheBehavior [ RunTime:0.001390s ]
INFO: [ app_begin ] --END-- [ RunTime:0.001705s ]
INFO: [ view_parse ] --START--
INFO: [ template_filter ] --START--
INFO: Run Behavior\ContentReplaceBehavior [ RunTime:0.000139s ]
INFO: [ template_filter ] --END-- [ RunTime:0.000437s ]
NOTIC: [8] Undefined variable: name E:\www\tp_demo\Application\Runtime\Cache\Home\c4e9b6f7cdab83725c9facfcc5440efe.php 第 8 行.
INFO: Run Behavior\ParseTemplateBehavior [ RunTime:0.015576s ]
INFO: [ view_parse ] --END-- [ RunTime:0.015901s ]
INFO: [ view_filter ] --START--
INFO: Run Behavior\WriteHtmlCacheBehavior [ RunTime:0.000881s ]
INFO: [ view_filter ] --END-- [ RunTime:0.001153s ]
INFO: [ app_end ] --START--
INFO: Run Behavior\ShowPageTraceBehavior [ RunTime:0.001473s ]
INFO: [ app_end ] --END-- [ RunTime:0.001771s ]

[ 2016-01-22T15:08:41+08:00 ] 127.0.0.1 /member/login
INFO: [ app_init ] --START--
INFO: Run Behavior\BuildLiteBehavior [ RunTime:0.000063s ]
INFO: [ app_init ] --END-- [ RunTime:0.001200s ]
INFO: [ app_begin ] --START--
INFO: Run Behavior\ReadHtmlCacheBehavior [ RunTime:0.003378s ]
INFO: [ app_begin ] --END-- [ RunTime:0.003901s ]
INFO: [ view_parse ] --START--
INFO: [ template_filter ] --START--
INFO: Run Behavior\ContentReplaceBehavior [ RunTime:0.000150s ]
INFO: [ template_filter ] --END-- [ RunTime:0.000458s ]
NOTIC: [8] Undefined variable: name E:\www\tp_demo\Application\Runtime\Cache\Home\c4e9b6f7cdab83725c9facfcc5440efe.php 第 8 行.
INFO: Run Behavior\ParseTemplateBehavior [ RunTime:0.016089s ]
INFO: [ view_parse ] --END-- [ RunTime:0.016424s ]
INFO: [ view_filter ] --START--
INFO: Run Behavior\WriteHtmlCacheBehavior [ RunTime:0.000872s ]
INFO: [ view_filter ] --END-- [ RunTime:0.001403s ]
INFO: [ app_end ] --START--
INFO: Run Behavior\ShowPageTraceBehavior [ RunTime:0.001529s ]
INFO: [ app_end ] --END-- [ RunTime:0.001823s ]

[ 2016-01-22T15:08:42+08:00 ] 127.0.0.1 /member/login
INFO: [ app_init ] --START--
INFO: Run Behavior\BuildLiteBehavior [ RunTime:0.000066s ]
INFO: [ app_init ] --END-- [ RunTime:0.001396s ]
INFO: [ app_begin ] --START--
INFO: Run Behavior\ReadHtmlCacheBehavior [ RunTime:0.001361s ]
INFO: [ app_begin ] --END-- [ RunTime:0.001669s ]
INFO: [ view_parse ] --START--
INFO: [ template_filter ] --START--
INFO: Run Behavior\ContentReplaceBehavior [ RunTime:0.000138s ]
INFO: [ template_filter ] --END-- [ RunTime:0.000435s ]
NOTIC: [8] Undefined variable: name E:\www\tp_demo\Application\Runtime\Cache\Home\c4e9b6f7cdab83725c9facfcc5440efe.php 第 8 行.
INFO: Run Behavior\ParseTemplateBehavior [ RunTime:0.015227s ]
INFO: [ view_parse ] --END-- [ RunTime:0.015518s ]
INFO: [ view_filter ] --START--
INFO: Run Behavior\WriteHtmlCacheBehavior [ RunTime:0.001083s ]
INFO: [ view_filter ] --END-- [ RunTime:0.001361s ]
INFO: [ app_end ] --START--
INFO: Run Behavior\ShowPageTraceBehavior [ RunTime:0.001772s ]
INFO: [ app_end ] --END-- [ RunTime:0.002074s ]

[ 2016-01-22T15:09:14+08:00 ] 127.0.0.1 /member/login
INFO: [ app_init ] --START--
INFO: Run Behavior\BuildLiteBehavior [ RunTime:0.000066s ]
INFO: [ app_init ] --END-- [ RunTime:0.003241s ]
INFO: [ app_begin ] --START--
INFO: Run Behavior\ReadHtmlCacheBehavior [ RunTime:0.001584s ]
INFO: [ app_begin ] --END-- [ RunTime:0.002089s ]
INFO: [ view_parse ] --START--
INFO: [ template_filter ] --START--
INFO: Run Behavior\ContentReplaceBehavior [ RunTime:0.000141s ]
INFO: [ template_filter ] --END-- [ RunTime:0.000438s ]
INFO: Run Behavior\ParseTemplateBehavior [ RunTime:0.013909s ]
INFO: [ view_parse ] --END-- [ RunTime:0.014235s ]
INFO: [ view_filter ] --START--
INFO: Run Behavior\WriteHtmlCacheBehavior [ RunTime:0.000880s ]
INFO: [ view_filter ] --END-- [ RunTime:0.001154s ]
INFO: [ app_end ] --START--
INFO: Run Behavior\ShowPageTraceBehavior [ RunTime:0.001596s ]
INFO: [ app_end ] --END-- [ RunTime:0.001888s ]

[ 2016-01-22T15:10:03+08:00 ] 127.0.0.1 /member/login
INFO: [ app_init ] --START--
INFO: Run Behavior\BuildLiteBehavior [ RunTime:0.000063s ]
INFO: [ app_init ] --END-- [ RunTime:0.001365s ]
INFO: [ app_begin ] --START--
INFO: Run Behavior\ReadHtmlCacheBehavior [ RunTime:0.001313s ]
INFO: [ app_begin ] --END-- [ RunTime:0.001626s ]
INFO: [ view_parse ] --START--
INFO: [ template_filter ] --START--
INFO: Run Behavior\ContentReplaceBehavior [ RunTime:0.000223s ]
INFO: [ template_filter ] --END-- [ RunTime:0.000550s ]
INFO: Run Behavior\ParseTemplateBehavior [ RunTime:0.017864s ]
INFO: [ view_parse ] --END-- [ RunTime:0.018204s ]
INFO: [ view_filter ] --START--
INFO: Run Behavior\WriteHtmlCacheBehavior [ RunTime:0.001071s ]
INFO: [ view_filter ] --END-- [ RunTime:0.001350s ]
INFO: [ app_end ] --START--
INFO: Run Behavior\ShowPageTraceBehavior [ RunTime:0.001336s ]
INFO: [ app_end ] --END-- [ RunTime:0.001621s ]

[ 2016-01-22T15:10:19+08:00 ] 127.0.0.1 /member/login
INFO: [ app_init ] --START--
INFO: Run Behavior\BuildLiteBehavior [ RunTime:0.000066s ]
INFO: [ app_init ] --END-- [ RunTime:0.002116s ]
INFO: [ app_begin ] --START--
INFO: Run Behavior\ReadHtmlCacheBehavior [ RunTime:0.001490s ]
INFO: [ app_begin ] --END-- [ RunTime:0.001805s ]
NOTIC: [8] Undefined offset: 1 E:\www\tp_demo\Application\Home\Controller\MemberController.class.php 第 14 行.
INFO: [ view_parse ] --START--
INFO: [ template_filter ] --START--
INFO: Run Behavior\ContentReplaceBehavior [ RunTime:0.000137s ]
INFO: [ template_filter ] --END-- [ RunTime:0.000511s ]
NOTIC: [8] Undefined variable: name E:\www\tp_demo\Application\Runtime\Cache\Home\c4e9b6f7cdab83725c9facfcc5440efe.php 第 8 行.
INFO: Run Behavior\ParseTemplateBehavior [ RunTime:0.017763s ]
INFO: [ view_parse ] --END-- [ RunTime:0.018055s ]
INFO: [ view_filter ] --START--
INFO: Run Behavior\WriteHtmlCacheBehavior [ RunTime:0.000975s ]
INFO: [ view_filter ] --END-- [ RunTime:0.001261s ]
INFO: [ app_end ] --START--
INFO: Run Behavior\ShowPageTraceBehavior [ RunTime:0.001595s ]
INFO: [ app_end ] --END-- [ RunTime:0.001885s ]

[ 2016-01-22T15:11:15+08:00 ] 127.0.0.1 /member/login
INFO: [ app_init ] --START--
INFO: Run Behavior\BuildLiteBehavior [ RunTime:0.000065s ]
INFO: [ app_init ] --END-- [ RunTime:0.004353s ]
INFO: [ app_begin ] --START--
INFO: Run Behavior\ReadHtmlCacheBehavior [ RunTime:0.001570s ]
INFO: [ app_begin ] --END-- [ RunTime:0.001901s ]

[ 2016-01-22T15:11:25+08:00 ] 127.0.0.1 /member/login
INFO: [ app_init ] --START--
INFO: Run Behavior\BuildLiteBehavior [ RunTime:0.000064s ]
INFO: [ app_init ] --END-- [ RunTime:0.001216s ]
INFO: [ app_begin ] --START--
INFO: Run Behavior\ReadHtmlCacheBehavior [ RunTime:0.002176s ]
INFO: [ app_begin ] --END-- [ RunTime:0.002508s ]
INFO: [ view_parse ] --START--
INFO: [ template_filter ] --START--
INFO: Run Behavior\ContentReplaceBehavior [ RunTime:0.000138s ]
INFO: [ template_filter ] --END-- [ RunTime:0.000433s ]
INFO: Run Behavior\ParseTemplateBehavior [ RunTime:0.015835s ]
INFO: [ view_parse ] --END-- [ RunTime:0.016155s ]
INFO: [ view_filter ] --START--
INFO: Run Behavior\WriteHtmlCacheBehavior [ RunTime:0.000896s ]
INFO: [ view_filter ] --END-- [ RunTime:0.001171s ]
INFO: [ app_end ] --START--
INFO: Run Behavior\ShowPageTraceBehavior [ RunTime:0.001564s ]
INFO: [ app_end ] --END-- [ RunTime:0.001850s ]

[ 2016-01-22T15:52:44+08:00 ] 127.0.0.1 /member/login
INFO: [ app_init ] --START--
INFO: Run Behavior\BuildLiteBehavior [ RunTime:0.000065s ]
INFO: [ app_init ] --END-- [ RunTime:0.002741s ]
INFO: [ app_begin ] --START--
INFO: Run Behavior\ReadHtmlCacheBehavior [ RunTime:0.001558s ]
INFO: [ app_begin ] --END-- [ RunTime:0.001893s ]
INFO: [ view_parse ] --START--
INFO: [ template_filter ] --START--
INFO: Run Behavior\ContentReplaceBehavior [ RunTime:0.000138s ]
INFO: [ template_filter ] --END-- [ RunTime:0.000458s ]
INFO: Run Behavior\ParseTemplateBehavior [ RunTime:0.027952s ]
INFO: [ view_parse ] --END-- [ RunTime:0.028286s ]
INFO: [ view_filter ] --START--
INFO: Run Behavior\WriteHtmlCacheBehavior [ RunTime:0.001082s ]
INFO: [ view_filter ] --END-- [ RunTime:0.001358s ]
INFO: [ app_end ] --START--
INFO: Run Behavior\ShowPageTraceBehavior [ RunTime:0.001579s ]
INFO: [ app_end ] --END-- [ RunTime:0.001860s ]

[ 2016-01-22T15:52:45+08:00 ] 127.0.0.1 /member/login
INFO: [ app_init ] --START--
INFO: Run Behavior\BuildLiteBehavior [ RunTime:0.000063s ]
INFO: [ app_init ] --END-- [ RunTime:0.001300s ]
INFO: [ app_begin ] --START--
INFO: Run Behavior\ReadHtmlCacheBehavior [ RunTime:0.001570s ]
INFO: [ app_begin ] --END-- [ RunTime:0.001911s ]
INFO: [ view_parse ] --START--
INFO: [ template_filter ] --START--
INFO: Run Behavior\ContentReplaceBehavior [ RunTime:0.000140s ]
INFO: [ template_filter ] --END-- [ RunTime:0.000440s ]
INFO: Run Behavior\ParseTemplateBehavior [ RunTime:0.013796s ]
INFO: [ view_parse ] --END-- [ RunTime:0.014127s ]
INFO: [ view_filter ] --START--
INFO: Run Behavior\WriteHtmlCacheBehavior [ RunTime:0.000990s ]
INFO: [ view_filter ] --END-- [ RunTime:0.001272s ]
INFO: [ app_end ] --START--
INFO: Run Behavior\ShowPageTraceBehavior [ RunTime:0.001668s ]
INFO: [ app_end ] --END-- [ RunTime:0.004613s ]

[ 2016-01-22T15:52:47+08:00 ] 127.0.0.1 /member/login
INFO: [ app_init ] --START--
INFO: Run Behavior\BuildLiteBehavior [ RunTime:0.000063s ]
INFO: [ app_init ] --END-- [ RunTime:0.001199s ]
INFO: [ app_begin ] --START--
INFO: Run Behavior\ReadHtmlCacheBehavior [ RunTime:0.004076s ]
INFO: [ app_begin ] --END-- [ RunTime:0.004421s ]
INFO: [ view_parse ] --START--
INFO: [ template_filter ] --START--
INFO: Run Behavior\ContentReplaceBehavior [ RunTime:0.000145s ]
INFO: [ template_filter ] --END-- [ RunTime:0.000460s ]
INFO: Run Behavior\ParseTemplateBehavior [ RunTime:0.018564s ]
INFO: [ view_parse ] --END-- [ RunTime:0.018946s ]
INFO: [ view_filter ] --START--
INFO: Run Behavior\WriteHtmlCacheBehavior [ RunTime:0.000935s ]
INFO: [ view_filter ] --END-- [ RunTime:0.001211s ]
INFO: [ app_end ] --START--
INFO: Run Behavior\ShowPageTraceBehavior [ RunTime:0.001579s ]
INFO: [ app_end ] --END-- [ RunTime:0.001868s ]

[ 2016-01-22T15:53:04+08:00 ] 127.0.0.1 /member/login
INFO: [ app_init ] --START--
INFO: Run Behavior\BuildLiteBehavior [ RunTime:0.000068s ]
INFO: [ app_init ] --END-- [ RunTime:0.001419s ]
INFO: [ app_begin ] --START--
INFO: Run Behavior\ReadHtmlCacheBehavior [ RunTime:0.001342s ]
INFO: [ app_begin ] --END-- [ RunTime:0.001653s ]
INFO: [ view_parse ] --START--
INFO: [ template_filter ] --START--
INFO: Run Behavior\ContentReplaceBehavior [ RunTime:0.000139s ]
INFO: [ template_filter ] --END-- [ RunTime:0.000547s ]
INFO: Run Behavior\ParseTemplateBehavior [ RunTime:0.014614s ]
INFO: [ view_parse ] --END-- [ RunTime:0.014935s ]
INFO: [ view_filter ] --START--
INFO: Run Behavior\WriteHtmlCacheBehavior [ RunTime:0.000955s ]
INFO: [ view_filter ] --END-- [ RunTime:0.001265s ]
INFO: [ app_end ] --START--
INFO: Run Behavior\ShowPageTraceBehavior [ RunTime:0.002343s ]
INFO: [ app_end ] --END-- [ RunTime:0.002638s ]

[ 2016-01-22T16:08:31+08:00 ] 127.0.0.1 /member/login
INFO: [ app_init ] --START--
INFO: Run Behavior\BuildLiteBehavior [ RunTime:0.000065s ]
INFO: [ app_init ] --END-- [ RunTime:0.007496s ]
INFO: [ app_begin ] --START--
INFO: Run Behavior\ReadHtmlCacheBehavior [ RunTime:0.001749s ]
INFO: [ app_begin ] --END-- [ RunTime:0.002262s ]
INFO: [ view_parse ] --START--
INFO: [ template_filter ] --START--
INFO: Run Behavior\ContentReplaceBehavior [ RunTime:0.000153s ]
INFO: [ template_filter ] --END-- [ RunTime:0.000452s ]
INFO: Run Behavior\ParseTemplateBehavior [ RunTime:0.019956s ]
INFO: [ view_parse ] --END-- [ RunTime:0.020286s ]
INFO: [ view_filter ] --START--
INFO: Run Behavior\WriteHtmlCacheBehavior [ RunTime:0.001251s ]
INFO: [ view_filter ] --END-- [ RunTime:0.001628s ]
INFO: [ app_end ] --START--
INFO: Run Behavior\ShowPageTraceBehavior [ RunTime:0.001779s ]
INFO: [ app_end ] --END-- [ RunTime:0.002063s ]

[ 2016-01-22T16:09:57+08:00 ] 127.0.0.1 /member/login
INFO: [ app_init ] --START--
INFO: Run Behavior\BuildLiteBehavior [ RunTime:0.000066s ]
INFO: [ app_init ] --END-- [ RunTime:0.001448s ]
INFO: [ app_begin ] --START--
INFO: Run Behavior\ReadHtmlCacheBehavior [ RunTime:0.001476s ]
INFO: [ app_begin ] --END-- [ RunTime:0.001797s ]
INFO: [ view_parse ] --START--
INFO: [ template_filter ] --START--
INFO: Run Behavior\ContentReplaceBehavior [ RunTime:0.000153s ]
INFO: [ template_filter ] --END-- [ RunTime:0.000463s ]
INFO: Run Behavior\ParseTemplateBehavior [ RunTime:0.016383s ]
INFO: [ view_parse ] --END-- [ RunTime:0.016701s ]
INFO: [ view_filter ] --START--
INFO: Run Behavior\WriteHtmlCacheBehavior [ RunTime:0.001181s ]
INFO: [ view_filter ] --END-- [ RunTime:0.001459s ]
INFO: [ app_end ] --START--
INFO: Run Behavior\ShowPageTraceBehavior [ RunTime:0.002199s ]
INFO: [ app_end ] --END-- [ RunTime:0.002492s ]

[ 2016-01-22T19:32:45+08:00 ] 127.0.0.1 /index.php/index/index
INFO: [ app_init ] --START--
INFO: Run Behavior\BuildLiteBehavior [ RunTime:0.000044s ]
INFO: [ app_init ] --END-- [ RunTime:0.000851s ]
INFO: [ app_begin ] --START--
INFO: Run Behavior\ReadHtmlCacheBehavior [ RunTime:0.001043s ]
INFO: [ app_begin ] --END-- [ RunTime:0.001240s ]
ERR: 非法操作:index

[ 2016-01-22T19:33:15+08:00 ] 127.0.0.1 /index.php/index/index
INFO: [ app_init ] --START--
INFO: Run Behavior\BuildLiteBehavior [ RunTime:0.000040s ]
INFO: [ app_init ] --END-- [ RunTime:0.000802s ]
INFO: [ app_begin ] --START--
INFO: Run Behavior\ReadHtmlCacheBehavior [ RunTime:0.000900s ]
INFO: [ app_begin ] --END-- [ RunTime:0.001071s ]
INFO: [ view_parse ] --START--
INFO: [ template_filter ] --START--
INFO: Run Behavior\ContentReplaceBehavior [ RunTime:0.000100s ]
INFO: [ template_filter ] --END-- [ RunTime:0.000299s ]
INFO: Run Behavior\ParseTemplateBehavior [ RunTime:0.014051s ]
INFO: [ view_parse ] --END-- [ RunTime:0.014322s ]
INFO: [ view_filter ] --START--
INFO: Run Behavior\WriteHtmlCacheBehavior [ RunTime:0.000676s ]
INFO: [ view_filter ] --END-- [ RunTime:0.000848s ]
INFO: [ app_end ] --START--
INFO: Run Behavior\ShowPageTraceBehavior [ RunTime:0.000954s ]
INFO: [ app_end ] --END-- [ RunTime:0.001103s ]

[ 2016-01-22T19:33:55+08:00 ] 127.0.0.1 /index.php/index/index
INFO: [ app_init ] --START--
INFO: Run Behavior\BuildLiteBehavior [ RunTime:0.000039s ]
INFO: [ app_init ] --END-- [ RunTime:0.000728s ]
INFO: [ app_begin ] --START--
INFO: Run Behavior\ReadHtmlCacheBehavior [ RunTime:0.000868s ]
INFO: [ app_begin ] --END-- [ RunTime:0.001032s ]
INFO: [ view_parse ] --START--
INFO: [ template_filter ] --START--
INFO: Run Behavior\ContentReplaceBehavior [ RunTime:0.000220s ]
INFO: [ template_filter ] --END-- [ RunTime:0.000403s ]
NOTIC: [8] Undefined variable: value E:\www\tp_demo\Application\Runtime\Cache\Home\2a94b8bda04ff446dcedd42276fc99ee.php 第 127 行.
NOTIC: [8] Undefined variable: value E:\www\tp_demo\Application\Runtime\Cache\Home\2a94b8bda04ff446dcedd42276fc99ee.php 第 140 行.
NOTIC: [8] Undefined variable: value E:\www\tp_demo\Application\Runtime\Cache\Home\2a94b8bda04ff446dcedd42276fc99ee.php 第 367 行.
NOTIC: [8] Undefined variable: value E:\www\tp_demo\Application\Runtime\Cache\Home\2a94b8bda04ff446dcedd42276fc99ee.php 第 368 行.
NOTIC: [8] Undefined variable: value E:\www\tp_demo\Application\Runtime\Cache\Home\2a94b8bda04ff446dcedd42276fc99ee.php 第 369 行.
NOTIC: [8] Undefined variable: value E:\www\tp_demo\Application\Runtime\Cache\Home\2a94b8bda04ff446dcedd42276fc99ee.php 第 372 行.
NOTIC: [8] Undefined variable: value E:\www\tp_demo\Application\Runtime\Cache\Home\2a94b8bda04ff446dcedd42276fc99ee.php 第 374 行.
NOTIC: [8] Undefined variable: pager E:\www\tp_demo\Application\Runtime\Cache\Home\2a94b8bda04ff446dcedd42276fc99ee.php 第 383 行.
INFO: Run Behavior\ParseTemplateBehavior [ RunTime:0.028442s ]
INFO: [ view_parse ] --END-- [ RunTime:0.028631s ]
INFO: [ view_filter ] --START--
INFO: Run Behavior\WriteHtmlCacheBehavior [ RunTime:0.000542s ]
INFO: [ view_filter ] --END-- [ RunTime:0.000723s ]
INFO: [ app_end ] --START--
INFO: Run Behavior\ShowPageTraceBehavior [ RunTime:0.000825s ]
INFO: [ app_end ] --END-- [ RunTime:0.000973s ]

[ 2016-01-22T19:33:55+08:00 ] 127.0.0.1 /index.php/index/favicon.ico
INFO: [ app_init ] --START--
INFO: Run Behavior\BuildLiteBehavior [ RunTime:0.000039s ]
INFO: [ app_init ] --END-- [ RunTime:0.000732s ]

[ 2016-01-22T19:33:55+08:00 ] 127.0.0.1 /index.php/index/animated_favicon.gif
INFO: [ app_init ] --START--
INFO: Run Behavior\BuildLiteBehavior [ RunTime:0.000040s ]
INFO: [ app_init ] --END-- [ RunTime:0.000825s ]

[ 2016-01-22T19:33:55+08:00 ] 127.0.0.1 /index.php/index/favicon.ico
INFO: [ app_init ] --START--
INFO: Run Behavior\BuildLiteBehavior [ RunTime:0.000038s ]
INFO: [ app_init ] --END-- [ RunTime:0.000723s ]

[ 2016-01-22T19:33:55+08:00 ] 127.0.0.1 /index.php/index/animated_favicon.gif
INFO: [ app_init ] --START--
INFO: Run Behavior\BuildLiteBehavior [ RunTime:0.000040s ]
INFO: [ app_init ] --END-- [ RunTime:0.000824s ]

[ 2016-01-22T19:36:23+08:00 ] 127.0.0.1 /index.php/index/index
INFO: [ app_init ] --START--
INFO: Run Behavior\BuildLiteBehavior [ RunTime:0.000041s ]
INFO: [ app_init ] --END-- [ RunTime:0.000856s ]
INFO: [ app_begin ] --START--
INFO: Run Behavior\ReadHtmlCacheBehavior [ RunTime:0.001842s ]
INFO: [ app_begin ] --END-- [ RunTime:0.002130s ]
INFO: [ view_parse ] --START--
INFO: [ template_filter ] --START--
INFO: Run Behavior\ContentReplaceBehavior [ RunTime:0.000216s ]
INFO: [ template_filter ] --END-- [ RunTime:0.000403s ]
NOTIC: [8] Undefined variable: value E:\www\tp_demo\Application\Runtime\Cache\Home\2a94b8bda04ff446dcedd42276fc99ee.php 第 127 行.
NOTIC: [8] Undefined variable: value E:\www\tp_demo\Application\Runtime\Cache\Home\2a94b8bda04ff446dcedd42276fc99ee.php 第 140 行.
NOTIC: [8] Undefined variable: value E:\www\tp_demo\Application\Runtime\Cache\Home\2a94b8bda04ff446dcedd42276fc99ee.php 第 367 行.
NOTIC: [8] Undefined variable: value E:\www\tp_demo\Application\Runtime\Cache\Home\2a94b8bda04ff446dcedd42276fc99ee.php 第 368 行.
NOTIC: [8] Undefined variable: value E:\www\tp_demo\Application\Runtime\Cache\Home\2a94b8bda04ff446dcedd42276fc99ee.php 第 369 行.
NOTIC: [8] Undefined variable: value E:\www\tp_demo\Application\Runtime\Cache\Home\2a94b8bda04ff446dcedd42276fc99ee.php 第 372 行.
NOTIC: [8] Undefined variable: value E:\www\tp_demo\Application\Runtime\Cache\Home\2a94b8bda04ff446dcedd42276fc99ee.php 第 374 行.
NOTIC: [8] Undefined variable: pager E:\www\tp_demo\Application\Runtime\Cache\Home\2a94b8bda04ff446dcedd42276fc99ee.php 第 383 行.
INFO: Run Behavior\ParseTemplateBehavior [ RunTime:0.019691s ]
INFO: [ view_parse ] --END-- [ RunTime:0.019885s ]
INFO: [ view_filter ] --START--
INFO: Run Behavior\WriteHtmlCacheBehavior [ RunTime:0.000840s ]
INFO: [ view_filter ] --END-- [ RunTime:0.001009s ]
INFO: [ app_end ] --START--
INFO: Run Behavior\ShowPageTraceBehavior [ RunTime:0.001100s ]
INFO: [ app_end ] --END-- [ RunTime:0.001279s ]

[ 2016-01-22T21:08:13+08:00 ] 127.0.0.1 /index.php/index/index
INFO: [ app_init ] --START--
INFO: Run Behavior\BuildLiteBehavior [ RunTime:0.000085s ]
INFO: [ app_init ] --END-- [ RunTime:0.003565s ]
INFO: [ app_begin ] --START--
INFO: Run Behavior\ReadHtmlCacheBehavior [ RunTime:0.014963s ]
INFO: [ app_begin ] --END-- [ RunTime:0.015279s ]
INFO: [ view_parse ] --START--
INFO: [ template_filter ] --START--
INFO: Run Behavior\ContentReplaceBehavior [ RunTime:0.000219s ]
INFO: [ template_filter ] --END-- [ RunTime:0.000439s ]
NOTIC: [8] Undefined variable: value E:\www\tp_demo\Application\Runtime\Cache\Home\2a94b8bda04ff446dcedd42276fc99ee.php 第 127 行.
NOTIC: [8] Undefined variable: value E:\www\tp_demo\Application\Runtime\Cache\Home\2a94b8bda04ff446dcedd42276fc99ee.php 第 140 行.
NOTIC: [8] Undefined variable: value E:\www\tp_demo\Application\Runtime\Cache\Home\2a94b8bda04ff446dcedd42276fc99ee.php 第 367 行.
NOTIC: [8] Undefined variable: value E:\www\tp_demo\Application\Runtime\Cache\Home\2a94b8bda04ff446dcedd42276fc99ee.php 第 368 行.
NOTIC: [8] Undefined variable: value E:\www\tp_demo\Application\Runtime\Cache\Home\2a94b8bda04ff446dcedd42276fc99ee.php 第 369 行.
NOTIC: [8] Undefined variable: value E:\www\tp_demo\Application\Runtime\Cache\Home\2a94b8bda04ff446dcedd42276fc99ee.php 第 372 行.
NOTIC: [8] Undefined variable: value E:\www\tp_demo\Application\Runtime\Cache\Home\2a94b8bda04ff446dcedd42276fc99ee.php 第 374 行.
NOTIC: [8] Undefined variable: pager E:\www\tp_demo\Application\Runtime\Cache\Home\2a94b8bda04ff446dcedd42276fc99ee.php 第 383 行.
INFO: Run Behavior\ParseTemplateBehavior [ RunTime:0.182821s ]
INFO: [ view_parse ] --END-- [ RunTime:0.183673s ]
INFO: [ view_filter ] --START--
INFO: Run Behavior\WriteHtmlCacheBehavior [ RunTime:0.007967s ]
INFO: [ view_filter ] --END-- [ RunTime:0.008194s ]
INFO: [ app_end ] --START--
INFO: Run Behavior\ShowPageTraceBehavior [ RunTime:0.015470s ]
INFO: [ app_end ] --END-- [ RunTime:0.015891s ]

[ 2016-01-22T21:08:13+08:00 ] 127.0.0.1 /index.php/index/favicon.ico
INFO: [ app_init ] --START--
INFO: Run Behavior\BuildLiteBehavior [ RunTime:0.000045s ]
INFO: [ app_init ] --END-- [ RunTime:0.001161s ]

[ 2016-01-22T21:08:14+08:00 ] 127.0.0.1 /index.php/index/favicon.ico
INFO: [ app_init ] --START--
INFO: Run Behavior\BuildLiteBehavior [ RunTime:0.000041s ]
INFO: [ app_init ] --END-- [ RunTime:0.000775s ]

[ 2016-01-22T21:08:14+08:00 ] 127.0.0.1 /index.php/index/animated_favicon.gif
INFO: [ app_init ] --START--
INFO: Run Behavior\BuildLiteBehavior [ RunTime:0.000051s ]
INFO: [ app_init ] --END-- [ RunTime:0.001584s ]

[ 2016-01-22T21:08:14+08:00 ] 127.0.0.1 /index.php/index/animated_favicon.gif
INFO: [ app_init ] --START--
INFO: Run Behavior\BuildLiteBehavior [ RunTime:0.000055s ]
INFO: [ app_init ] --END-- [ RunTime:0.001402s ]

[ 2016-01-22T21:30:16+08:00 ] 127.0.0.1 /index.php/test/add
INFO: [ app_init ] --START--
INFO: Run Behavior\BuildLiteBehavior [ RunTime:0.000062s ]
INFO: [ app_init ] --END-- [ RunTime:0.001664s ]
INFO: [ app_begin ] --START--
INFO: Run Behavior\ReadHtmlCacheBehavior [ RunTime:0.001575s ]
INFO: [ app_begin ] --END-- [ RunTime:0.001908s ]
INFO: [ app_end ] --START--
INFO: Run Behavior\ShowPageTraceBehavior [ RunTime:0.008045s ]
INFO: [ app_end ] --END-- [ RunTime:0.008428s ]

[ 2016-01-22T21:30:30+08:00 ] 127.0.0.1 /index.php/test/add
INFO: [ app_init ] --START--
INFO: Run Behavior\BuildLiteBehavior [ RunTime:0.000053s ]
INFO: [ app_init ] --END-- [ RunTime:0.000893s ]
INFO: [ app_begin ] --START--
INFO: Run Behavior\ReadHtmlCacheBehavior [ RunTime:0.000874s ]
INFO: [ app_begin ] --END-- [ RunTime:0.001061s ]
INFO: [ app_end ] --START--
INFO: Run Behavior\ShowPageTraceBehavior [ RunTime:0.000904s ]
INFO: [ app_end ] --END-- [ RunTime:0.001080s ]

[ 2016-01-22T21:30:31+08:00 ] 127.0.0.1 /index.php/test/add
INFO: [ app_init ] --START--
INFO: Run Behavior\BuildLiteBehavior [ RunTime:0.000042s ]
INFO: [ app_init ] --END-- [ RunTime:0.000719s ]
INFO: [ app_begin ] --START--
INFO: Run Behavior\ReadHtmlCacheBehavior [ RunTime:0.001072s ]
INFO: [ app_begin ] --END-- [ RunTime:0.001252s ]
INFO: [ app_end ] --START--
INFO: Run Behavior\ShowPageTraceBehavior [ RunTime:0.000846s ]
INFO: [ app_end ] --END-- [ RunTime:0.001026s ]

[ 2016-01-22T21:30:46+08:00 ] 127.0.0.1 /index.php/test/add
INFO: [ app_init ] --START--
INFO: Run Behavior\BuildLiteBehavior [ RunTime:0.000039s ]
INFO: [ app_init ] --END-- [ RunTime:0.000829s ]
INFO: [ app_begin ] --START--
INFO: Run Behavior\ReadHtmlCacheBehavior [ RunTime:0.000913s ]
INFO: [ app_begin ] --END-- [ RunTime:0.001120s ]
INFO: [ app_end ] --START--
INFO: Run Behavior\ShowPageTraceBehavior [ RunTime:0.000840s ]
INFO: [ app_end ] --END-- [ RunTime:0.001023s ]

[ 2016-01-22T21:31:12+08:00 ] 127.0.0.1 /index.php/test/add
INFO: [ app_init ] --START--
INFO: Run Behavior\BuildLiteBehavior [ RunTime:0.000039s ]
INFO: [ app_init ] --END-- [ RunTime:0.000808s ]
INFO: [ app_begin ] --START--
INFO: Run Behavior\ReadHtmlCacheBehavior [ RunTime:0.000826s ]
INFO: [ app_begin ] --END-- [ RunTime:0.001006s ]
INFO: [ view_parse ] --START--
INFO: [ template_filter ] --START--
INFO: Run Behavior\ContentReplaceBehavior [ RunTime:0.000183s ]
INFO: [ template_filter ] --END-- [ RunTime:0.000465s ]
INFO: Run Behavior\ParseTemplateBehavior [ RunTime:0.015486s ]
INFO: [ view_parse ] --END-- [ RunTime:0.015863s ]
INFO: [ view_filter ] --START--
INFO: Run Behavior\WriteHtmlCacheBehavior [ RunTime:0.001296s ]
INFO: [ view_filter ] --END-- [ RunTime:0.001523s ]
INFO: [ app_end ] --START--
INFO: Run Behavior\ShowPageTraceBehavior [ RunTime:0.001183s ]
INFO: [ app_end ] --END-- [ RunTime:0.001703s ]

[ 2016-01-22T22:17:14+08:00 ] 127.0.0.1 /index.php
INFO: [ app_init ] --START--
INFO: Run Behavior\BuildLiteBehavior [ RunTime:0.000039s ]
INFO: [ app_init ] --END-- [ RunTime:0.000800s ]
INFO: [ app_begin ] --START--
INFO: Run Behavior\ReadHtmlCacheBehavior [ RunTime:0.001029s ]
INFO: [ app_begin ] --END-- [ RunTime:0.001218s ]
INFO: [ view_parse ] --START--
INFO: [ template_filter ] --START--
INFO: Run Behavior\ContentReplaceBehavior [ RunTime:0.000230s ]
INFO: [ template_filter ] --END-- [ RunTime:0.000457s ]
NOTIC: [8] Undefined variable: value E:\www\tp_demo\Application\Runtime\Cache\Home\2a94b8bda04ff446dcedd42276fc99ee.php 第 52 行.
NOTIC: [8] Undefined variable: value E:\www\tp_demo\Application\Runtime\Cache\Home\2a94b8bda04ff446dcedd42276fc99ee.php 第 65 行.
NOTIC: [8] Undefined variable: value E:\www\tp_demo\Application\Runtime\Cache\Home\2a94b8bda04ff446dcedd42276fc99ee.php 第 292 行.
NOTIC: [8] Undefined variable: value E:\www\tp_demo\Application\Runtime\Cache\Home\2a94b8bda04ff446dcedd42276fc99ee.php 第 293 行.
NOTIC: [8] Undefined variable: value E:\www\tp_demo\Application\Runtime\Cache\Home\2a94b8bda04ff446dcedd42276fc99ee.php 第 294 行.
NOTIC: [8] Undefined variable: value E:\www\tp_demo\Application\Runtime\Cache\Home\2a94b8bda04ff446dcedd42276fc99ee.php 第 297 行.
NOTIC: [8] Undefined variable: value E:\www\tp_demo\Application\Runtime\Cache\Home\2a94b8bda04ff446dcedd42276fc99ee.php 第 299 行.
NOTIC: [8] Undefined variable: pager E:\www\tp_demo\Application\Runtime\Cache\Home\2a94b8bda04ff446dcedd42276fc99ee.php 第 308 行.
INFO: Run Behavior\ParseTemplateBehavior [ RunTime:0.025260s ]
INFO: [ view_parse ] --END-- [ RunTime:0.025486s ]
INFO: [ view_filter ] --START--
INFO: Run Behavior\WriteHtmlCacheBehavior [ RunTime:0.000879s ]
INFO: [ view_filter ] --END-- [ RunTime:0.001111s ]
INFO: [ app_end ] --START--
INFO: Run Behavior\ShowPageTraceBehavior [ RunTime:0.002845s ]
INFO: [ app_end ] --END-- [ RunTime:0.003083s ]

[ 2016-01-22T22:17:30+08:00 ] 127.0.0.1 /index.php
INFO: [ app_init ] --START--
INFO: Run Behavior\BuildLiteBehavior [ RunTime:0.000061s ]
INFO: [ app_init ] --END-- [ RunTime:0.001007s ]
INFO: [ app_begin ] --START--
INFO: Run Behavior\ReadHtmlCacheBehavior [ RunTime:0.001407s ]
INFO: [ app_begin ] --END-- [ RunTime:0.001691s ]
INFO: [ view_parse ] --START--
NOTIC: [2] file_get_contents(../Public/header.html) [<a href='function.file-get-contents'>function.file-get-contents</a>]: failed to open stream: No such file or directory E:\www\tp_demo\ThinkPHP\Library\Think\Template.class.php 第 696 行.
INFO: [ template_filter ] --START--
INFO: Run Behavior\ContentReplaceBehavior [ RunTime:0.000206s ]
INFO: [ template_filter ] --END-- [ RunTime:0.000399s ]
NOTIC: [8] Undefined variable: value E:\www\tp_demo\Application\Runtime\Cache\Home\2a94b8bda04ff446dcedd42276fc99ee.php 第 52 行.
NOTIC: [8] Undefined variable: value E:\www\tp_demo\Application\Runtime\Cache\Home\2a94b8bda04ff446dcedd42276fc99ee.php 第 65 行.
NOTIC: [8] Undefined variable: value E:\www\tp_demo\Application\Runtime\Cache\Home\2a94b8bda04ff446dcedd42276fc99ee.php 第 292 行.
NOTIC: [8] Undefined variable: value E:\www\tp_demo\Application\Runtime\Cache\Home\2a94b8bda04ff446dcedd42276fc99ee.php 第 293 行.
NOTIC: [8] Undefined variable: value E:\www\tp_demo\Application\Runtime\Cache\Home\2a94b8bda04ff446dcedd42276fc99ee.php 第 294 行.
NOTIC: [8] Undefined variable: value E:\www\tp_demo\Application\Runtime\Cache\Home\2a94b8bda04ff446dcedd42276fc99ee.php 第 297 行.
NOTIC: [8] Undefined variable: value E:\www\tp_demo\Application\Runtime\Cache\Home\2a94b8bda04ff446dcedd42276fc99ee.php 第 299 行.
NOTIC: [8] Undefined variable: pager E:\www\tp_demo\Application\Runtime\Cache\Home\2a94b8bda04ff446dcedd42276fc99ee.php 第 308 行.
INFO: Run Behavior\ParseTemplateBehavior [ RunTime:0.124382s ]
INFO: [ view_parse ] --END-- [ RunTime:0.124582s ]
INFO: [ view_filter ] --START--
INFO: Run Behavior\WriteHtmlCacheBehavior [ RunTime:0.000516s ]
INFO: [ view_filter ] --END-- [ RunTime:0.000668s ]
INFO: [ app_end ] --START--
INFO: Run Behavior\ShowPageTraceBehavior [ RunTime:0.000826s ]
INFO: [ app_end ] --END-- [ RunTime:0.000972s ]

[ 2016-01-22T22:17:31+08:00 ] 127.0.0.1 /index.php
INFO: [ app_init ] --START--
INFO: Run Behavior\BuildLiteBehavior [ RunTime:0.000045s ]
INFO: [ app_init ] --END-- [ RunTime:0.001009s ]
INFO: [ app_begin ] --START--
INFO: Run Behavior\ReadHtmlCacheBehavior [ RunTime:0.001026s ]
INFO: [ app_begin ] --END-- [ RunTime:0.001237s ]
INFO: [ view_parse ] --START--
NOTIC: [2] file_get_contents(../Public/header.html) [<a href='function.file-get-contents'>function.file-get-contents</a>]: failed to open stream: No such file or directory E:\www\tp_demo\ThinkPHP\Library\Think\Template.class.php 第 696 行.
INFO: [ template_filter ] --START--
INFO: Run Behavior\ContentReplaceBehavior [ RunTime:0.000205s ]
INFO: [ template_filter ] --END-- [ RunTime:0.000394s ]
NOTIC: [8] Undefined variable: value E:\www\tp_demo\Application\Runtime\Cache\Home\2a94b8bda04ff446dcedd42276fc99ee.php 第 52 行.
NOTIC: [8] Undefined variable: value E:\www\tp_demo\Application\Runtime\Cache\Home\2a94b8bda04ff446dcedd42276fc99ee.php 第 65 行.
NOTIC: [8] Undefined variable: value E:\www\tp_demo\Application\Runtime\Cache\Home\2a94b8bda04ff446dcedd42276fc99ee.php 第 292 行.
NOTIC: [8] Undefined variable: value E:\www\tp_demo\Application\Runtime\Cache\Home\2a94b8bda04ff446dcedd42276fc99ee.php 第 293 行.
NOTIC: [8] Undefined variable: value E:\www\tp_demo\Application\Runtime\Cache\Home\2a94b8bda04ff446dcedd42276fc99ee.php 第 294 行.
NOTIC: [8] Undefined variable: value E:\www\tp_demo\Application\Runtime\Cache\Home\2a94b8bda04ff446dcedd42276fc99ee.php 第 297 行.
NOTIC: [8] Undefined variable: value E:\www\tp_demo\Application\Runtime\Cache\Home\2a94b8bda04ff446dcedd42276fc99ee.php 第 299 行.
NOTIC: [8] Undefined variable: pager E:\www\tp_demo\Application\Runtime\Cache\Home\2a94b8bda04ff446dcedd42276fc99ee.php 第 308 行.
INFO: Run Behavior\ParseTemplateBehavior [ RunTime:0.021235s ]
INFO: [ view_parse ] --END-- [ RunTime:0.021411s ]
INFO: [ view_filter ] --START--
INFO: Run Behavior\WriteHtmlCacheBehavior [ RunTime:0.000629s ]
INFO: [ view_filter ] --END-- [ RunTime:0.000797s ]
INFO: [ app_end ] --START--
INFO: Run Behavior\ShowPageTraceBehavior [ RunTime:0.000852s ]
INFO: [ app_end ] --END-- [ RunTime:0.001003s ]

[ 2016-01-22T22:20:01+08:00 ] 127.0.0.1 /index.php
INFO: [ app_init ] --START--
INFO: Run Behavior\BuildLiteBehavior [ RunTime:0.000040s ]
INFO: [ app_init ] --END-- [ RunTime:0.000789s ]
INFO: [ app_begin ] --START--
INFO: Run Behavior\ReadHtmlCacheBehavior [ RunTime:0.002431s ]
INFO: [ app_begin ] --END-- [ RunTime:0.002598s ]
INFO: [ view_parse ] --START--
NOTIC: [2] file_get_contents(__MODULE__/View/Public/header.html) [<a href='function.file-get-contents'>function.file-get-contents</a>]: failed to open stream: No such file or directory E:\www\tp_demo\ThinkPHP\Library\Think\Template.class.php 第 696 行.
INFO: [ template_filter ] --START--
INFO: Run Behavior\ContentReplaceBehavior [ RunTime:0.000239s ]
INFO: [ template_filter ] --END-- [ RunTime:0.000414s ]
NOTIC: [8] Undefined variable: value E:\www\tp_demo\Application\Runtime\Cache\Home\2a94b8bda04ff446dcedd42276fc99ee.php 第 52 行.
NOTIC: [8] Undefined variable: value E:\www\tp_demo\Application\Runtime\Cache\Home\2a94b8bda04ff446dcedd42276fc99ee.php 第 65 行.
NOTIC: [8] Undefined variable: value E:\www\tp_demo\Application\Runtime\Cache\Home\2a94b8bda04ff446dcedd42276fc99ee.php 第 292 行.
NOTIC: [8] Undefined variable: value E:\www\tp_demo\Application\Runtime\Cache\Home\2a94b8bda04ff446dcedd42276fc99ee.php 第 293 行.
NOTIC: [8] Undefined variable: value E:\www\tp_demo\Application\Runtime\Cache\Home\2a94b8bda04ff446dcedd42276fc99ee.php 第 294 行.
NOTIC: [8] Undefined variable: value E:\www\tp_demo\Application\Runtime\Cache\Home\2a94b8bda04ff446dcedd42276fc99ee.php 第 297 行.
NOTIC: [8] Undefined variable: value E:\www\tp_demo\Application\Runtime\Cache\Home\2a94b8bda04ff446dcedd42276fc99ee.php 第 299 行.
NOTIC: [8] Undefined variable: pager E:\www\tp_demo\Application\Runtime\Cache\Home\2a94b8bda04ff446dcedd42276fc99ee.php 第 308 行.
INFO: Run Behavior\ParseTemplateBehavior [ RunTime:0.018325s ]
INFO: [ view_parse ] --END-- [ RunTime:0.018514s ]
INFO: [ view_filter ] --START--
INFO: Run Behavior\WriteHtmlCacheBehavior [ RunTime:0.000656s ]
INFO: [ view_filter ] --END-- [ RunTime:0.000828s ]
INFO: [ app_end ] --START--
INFO: Run Behavior\ShowPageTraceBehavior [ RunTime:0.000917s ]
INFO: [ app_end ] --END-- [ RunTime:0.001066s ]

[ 2016-01-22T22:20:04+08:00 ] 127.0.0.1 /index.php
INFO: [ app_init ] --START--
INFO: Run Behavior\BuildLiteBehavior [ RunTime:0.000039s ]
INFO: [ app_init ] --END-- [ RunTime:0.000753s ]
INFO: [ app_begin ] --START--
INFO: Run Behavior\ReadHtmlCacheBehavior [ RunTime:0.000813s ]
INFO: [ app_begin ] --END-- [ RunTime:0.000983s ]
INFO: [ view_parse ] --START--
NOTIC: [2] file_get_contents(__MODULE__/View/Public/header.html) [<a href='function.file-get-contents'>function.file-get-contents</a>]: failed to open stream: No such file or directory E:\www\tp_demo\ThinkPHP\Library\Think\Template.class.php 第 696 行.
INFO: [ template_filter ] --START--
INFO: Run Behavior\ContentReplaceBehavior [ RunTime:0.000238s ]
INFO: [ template_filter ] --END-- [ RunTime:0.000481s ]
NOTIC: [8] Undefined variable: value E:\www\tp_demo\Application\Runtime\Cache\Home\2a94b8bda04ff446dcedd42276fc99ee.php 第 52 行.
NOTIC: [8] Undefined variable: value E:\www\tp_demo\Application\Runtime\Cache\Home\2a94b8bda04ff446dcedd42276fc99ee.php 第 65 行.
NOTIC: [8] Undefined variable: value E:\www\tp_demo\Application\Runtime\Cache\Home\2a94b8bda04ff446dcedd42276fc99ee.php 第 292 行.
NOTIC: [8] Undefined variable: value E:\www\tp_demo\Application\Runtime\Cache\Home\2a94b8bda04ff446dcedd42276fc99ee.php 第 293 行.
NOTIC: [8] Undefined variable: value E:\www\tp_demo\Application\Runtime\Cache\Home\2a94b8bda04ff446dcedd42276fc99ee.php 第 294 行.
NOTIC: [8] Undefined variable: value E:\www\tp_demo\Application\Runtime\Cache\Home\2a94b8bda04ff446dcedd42276fc99ee.php 第 297 行.
NOTIC: [8] Undefined variable: value E:\www\tp_demo\Application\Runtime\Cache\Home\2a94b8bda04ff446dcedd42276fc99ee.php 第 299 行.
NOTIC: [8] Undefined variable: pager E:\www\tp_demo\Application\Runtime\Cache\Home\2a94b8bda04ff446dcedd42276fc99ee.php 第 308 行.
INFO: Run Behavior\ParseTemplateBehavior [ RunTime:0.023917s ]
INFO: [ view_parse ] --END-- [ RunTime:0.024109s ]
INFO: [ view_filter ] --START--
INFO: Run Behavior\WriteHtmlCacheBehavior [ RunTime:0.000679s ]
INFO: [ view_filter ] --END-- [ RunTime:0.000863s ]
INFO: [ app_end ] --START--
INFO: Run Behavior\ShowPageTraceBehavior [ RunTime:0.001098s ]
INFO: [ app_end ] --END-- [ RunTime:0.001314s ]

[ 2016-01-22T22:20:05+08:00 ] 127.0.0.1 /index.php
INFO: [ app_init ] --START--
INFO: Run Behavior\BuildLiteBehavior [ RunTime:0.000040s ]
INFO: [ app_init ] --END-- [ RunTime:0.000865s ]
INFO: [ app_begin ] --START--
INFO: Run Behavior\ReadHtmlCacheBehavior [ RunTime:0.000869s ]
INFO: [ app_begin ] --END-- [ RunTime:0.001044s ]
INFO: [ view_parse ] --START--
NOTIC: [2] file_get_contents(__MODULE__/View/Public/header.html) [<a href='function.file-get-contents'>function.file-get-contents</a>]: failed to open stream: No such file or directory E:\www\tp_demo\ThinkPHP\Library\Think\Template.class.php 第 696 行.
INFO: [ template_filter ] --START--
INFO: Run Behavior\ContentReplaceBehavior [ RunTime:0.000209s ]
INFO: [ template_filter ] --END-- [ RunTime:0.000401s ]
NOTIC: [8] Undefined variable: value E:\www\tp_demo\Application\Runtime\Cache\Home\2a94b8bda04ff446dcedd42276fc99ee.php 第 52 行.
NOTIC: [8] Undefined variable: value E:\www\tp_demo\Application\Runtime\Cache\Home\2a94b8bda04ff446dcedd42276fc99ee.php 第 65 行.
NOTIC: [8] Undefined variable: value E:\www\tp_demo\Application\Runtime\Cache\Home\2a94b8bda04ff446dcedd42276fc99ee.php 第 292 行.
NOTIC: [8] Undefined variable: value E:\www\tp_demo\Application\Runtime\Cache\Home\2a94b8bda04ff446dcedd42276fc99ee.php 第 293 行.
NOTIC: [8] Undefined variable: value E:\www\tp_demo\Application\Runtime\Cache\Home\2a94b8bda04ff446dcedd42276fc99ee.php 第 294 行.
NOTIC: [8] Undefined variable: value E:\www\tp_demo\Application\Runtime\Cache\Home\2a94b8bda04ff446dcedd42276fc99ee.php 第 297 行.
NOTIC: [8] Undefined variable: value E:\www\tp_demo\Application\Runtime\Cache\Home\2a94b8bda04ff446dcedd42276fc99ee.php 第 299 行.
NOTIC: [8] Undefined variable: pager E:\www\tp_demo\Application\Runtime\Cache\Home\2a94b8bda04ff446dcedd42276fc99ee.php 第 308 行.
INFO: Run Behavior\ParseTemplateBehavior [ RunTime:0.020810s ]
INFO: [ view_parse ] --END-- [ RunTime:0.021009s ]
INFO: [ view_filter ] --START--
INFO: Run Behavior\WriteHtmlCacheBehavior [ RunTime:0.000885s ]
INFO: [ view_filter ] --END-- [ RunTime:0.001089s ]
INFO: [ app_end ] --START--
INFO: Run Behavior\ShowPageTraceBehavior [ RunTime:0.001433s ]
INFO: [ app_end ] --END-- [ RunTime:0.001696s ]

[ 2016-01-22T22:21:22+08:00 ] 127.0.0.1 /index.php
INFO: [ app_init ] --START--
INFO: Run Behavior\BuildLiteBehavior [ RunTime:0.000041s ]
INFO: [ app_init ] --END-- [ RunTime:0.000837s ]
INFO: [ app_begin ] --START--
INFO: Run Behavior\ReadHtmlCacheBehavior [ RunTime:0.001591s ]
INFO: [ app_begin ] --END-- [ RunTime:0.001785s ]
INFO: [ view_parse ] --START--
INFO: [ template_filter ] --START--
INFO: Run Behavior\ContentReplaceBehavior [ RunTime:0.000283s ]
INFO: [ template_filter ] --END-- [ RunTime:0.000522s ]
NOTIC: [8] Undefined variable: value E:\www\tp_demo\Application\Runtime\Cache\Home\2a94b8bda04ff446dcedd42276fc99ee.php 第 127 行.
NOTIC: [8] Undefined variable: value E:\www\tp_demo\Application\Runtime\Cache\Home\2a94b8bda04ff446dcedd42276fc99ee.php 第 140 行.
NOTIC: [8] Undefined variable: value E:\www\tp_demo\Application\Runtime\Cache\Home\2a94b8bda04ff446dcedd42276fc99ee.php 第 367 行.
NOTIC: [8] Undefined variable: value E:\www\tp_demo\Application\Runtime\Cache\Home\2a94b8bda04ff446dcedd42276fc99ee.php 第 368 行.
NOTIC: [8] Undefined variable: value E:\www\tp_demo\Application\Runtime\Cache\Home\2a94b8bda04ff446dcedd42276fc99ee.php 第 369 行.
NOTIC: [8] Undefined variable: value E:\www\tp_demo\Application\Runtime\Cache\Home\2a94b8bda04ff446dcedd42276fc99ee.php 第 372 行.
NOTIC: [8] Undefined variable: value E:\www\tp_demo\Application\Runtime\Cache\Home\2a94b8bda04ff446dcedd42276fc99ee.php 第 374 行.
NOTIC: [8] Undefined variable: pager E:\www\tp_demo\Application\Runtime\Cache\Home\2a94b8bda04ff446dcedd42276fc99ee.php 第 383 行.
INFO: Run Behavior\ParseTemplateBehavior [ RunTime:0.020266s ]
INFO: [ view_parse ] --END-- [ RunTime:0.020444s ]
INFO: [ view_filter ] --START--
INFO: Run Behavior\WriteHtmlCacheBehavior [ RunTime:0.000636s ]
INFO: [ view_filter ] --END-- [ RunTime:0.000845s ]
INFO: [ app_end ] --START--
INFO: Run Behavior\ShowPageTraceBehavior [ RunTime:0.001068s ]
INFO: [ app_end ] --END-- [ RunTime:0.001230s ]

[ 2016-01-22T22:23:36+08:00 ] 127.0.0.1 /index.php
INFO: [ app_init ] --START--
INFO: Run Behavior\BuildLiteBehavior [ RunTime:0.000040s ]
INFO: [ app_init ] --END-- [ RunTime:0.001167s ]
INFO: [ app_begin ] --START--
INFO: Run Behavior\ReadHtmlCacheBehavior [ RunTime:0.001122s ]
INFO: [ app_begin ] --END-- [ RunTime:0.001318s ]
INFO: [ view_parse ] --START--
NOTIC: [2] file_get_contents(__MODULE__/View/Public/header.html) [<a href='function.file-get-contents'>function.file-get-contents</a>]: failed to open stream: No such file or directory E:\www\tp_demo\ThinkPHP\Library\Think\Template.class.php 第 696 行.
INFO: [ template_filter ] --START--
INFO: Run Behavior\ContentReplaceBehavior [ RunTime:0.000241s ]
INFO: [ template_filter ] --END-- [ RunTime:0.000465s ]
NOTIC: [8] Undefined variable: value E:\www\tp_demo\Application\Runtime\Cache\Home\2a94b8bda04ff446dcedd42276fc99ee.php 第 128 行.
NOTIC: [8] Undefined variable: value E:\www\tp_demo\Application\Runtime\Cache\Home\2a94b8bda04ff446dcedd42276fc99ee.php 第 141 行.
NOTIC: [8] Undefined variable: value E:\www\tp_demo\Application\Runtime\Cache\Home\2a94b8bda04ff446dcedd42276fc99ee.php 第 368 行.
NOTIC: [8] Undefined variable: value E:\www\tp_demo\Application\Runtime\Cache\Home\2a94b8bda04ff446dcedd42276fc99ee.php 第 369 行.
NOTIC: [8] Undefined variable: value E:\www\tp_demo\Application\Runtime\Cache\Home\2a94b8bda04ff446dcedd42276fc99ee.php 第 370 行.
NOTIC: [8] Undefined variable: value E:\www\tp_demo\Application\Runtime\Cache\Home\2a94b8bda04ff446dcedd42276fc99ee.php 第 373 行.
NOTIC: [8] Undefined variable: value E:\www\tp_demo\Application\Runtime\Cache\Home\2a94b8bda04ff446dcedd42276fc99ee.php 第 375 行.
NOTIC: [8] Undefined variable: pager E:\www\tp_demo\Application\Runtime\Cache\Home\2a94b8bda04ff446dcedd42276fc99ee.php 第 384 行.
INFO: Run Behavior\ParseTemplateBehavior [ RunTime:0.021710s ]
INFO: [ view_parse ] --END-- [ RunTime:0.021937s ]
INFO: [ view_filter ] --START--
INFO: Run Behavior\WriteHtmlCacheBehavior [ RunTime:0.000697s ]
INFO: [ view_filter ] --END-- [ RunTime:0.000870s ]
INFO: [ app_end ] --START--
INFO: Run Behavior\ShowPageTraceBehavior [ RunTime:0.000997s ]
INFO: [ app_end ] --END-- [ RunTime:0.001145s ]

[ 2016-01-22T22:23:50+08:00 ] 127.0.0.1 /index.php
INFO: [ app_init ] --START--
INFO: Run Behavior\BuildLiteBehavior [ RunTime:0.000041s ]
INFO: [ app_init ] --END-- [ RunTime:0.000875s ]
INFO: [ app_begin ] --START--
INFO: Run Behavior\ReadHtmlCacheBehavior [ RunTime:0.001033s ]
INFO: [ app_begin ] --END-- [ RunTime:0.001264s ]
INFO: [ view_parse ] --START--
NOTIC: [2] file_get_contents(__MODULE__/Home/View/Public/header.html) [<a href='function.file-get-contents'>function.file-get-contents</a>]: failed to open stream: No such file or directory E:\www\tp_demo\ThinkPHP\Library\Think\Template.class.php 第 696 行.
INFO: [ template_filter ] --START--
INFO: Run Behavior\ContentReplaceBehavior [ RunTime:0.000225s ]
INFO: [ template_filter ] --END-- [ RunTime:0.000416s ]
NOTIC: [8] Undefined variable: value E:\www\tp_demo\Application\Runtime\Cache\Home\2a94b8bda04ff446dcedd42276fc99ee.php 第 128 行.
NOTIC: [8] Undefined variable: value E:\www\tp_demo\Application\Runtime\Cache\Home\2a94b8bda04ff446dcedd42276fc99ee.php 第 141 行.
NOTIC: [8] Undefined variable: value E:\www\tp_demo\Application\Runtime\Cache\Home\2a94b8bda04ff446dcedd42276fc99ee.php 第 368 行.
NOTIC: [8] Undefined variable: value E:\www\tp_demo\Application\Runtime\Cache\Home\2a94b8bda04ff446dcedd42276fc99ee.php 第 369 行.
NOTIC: [8] Undefined variable: value E:\www\tp_demo\Application\Runtime\Cache\Home\2a94b8bda04ff446dcedd42276fc99ee.php 第 370 行.
NOTIC: [8] Undefined variable: value E:\www\tp_demo\Application\Runtime\Cache\Home\2a94b8bda04ff446dcedd42276fc99ee.php 第 373 行.
NOTIC: [8] Undefined variable: value E:\www\tp_demo\Application\Runtime\Cache\Home\2a94b8bda04ff446dcedd42276fc99ee.php 第 375 行.
NOTIC: [8] Undefined variable: pager E:\www\tp_demo\Application\Runtime\Cache\Home\2a94b8bda04ff446dcedd42276fc99ee.php 第 384 行.
INFO: Run Behavior\ParseTemplateBehavior [ RunTime:0.032292s ]
INFO: [ view_parse ] --END-- [ RunTime:0.032487s ]
INFO: [ view_filter ] --START--
INFO: Run Behavior\WriteHtmlCacheBehavior [ RunTime:0.000629s ]
INFO: [ view_filter ] --END-- [ RunTime:0.000784s ]
INFO: [ app_end ] --START--
INFO: Run Behavior\ShowPageTraceBehavior [ RunTime:0.000940s ]
INFO: [ app_end ] --END-- [ RunTime:0.001090s ]

[ 2016-01-22T22:23:51+08:00 ] 127.0.0.1 /index.php
INFO: [ app_init ] --START--
INFO: Run Behavior\BuildLiteBehavior [ RunTime:0.000054s ]
INFO: [ app_init ] --END-- [ RunTime:0.000849s ]
INFO: [ app_begin ] --START--
INFO: Run Behavior\ReadHtmlCacheBehavior [ RunTime:0.001044s ]
INFO: [ app_begin ] --END-- [ RunTime:0.001257s ]
INFO: [ view_parse ] --START--
NOTIC: [2] file_get_contents(__MODULE__/Home/View/Public/header.html) [<a href='function.file-get-contents'>function.file-get-contents</a>]: failed to open stream: No such file or directory E:\www\tp_demo\ThinkPHP\Library\Think\Template.class.php 第 696 行.
INFO: [ template_filter ] --START--
INFO: Run Behavior\ContentReplaceBehavior [ RunTime:0.000243s ]
INFO: [ template_filter ] --END-- [ RunTime:0.000476s ]
NOTIC: [8] Undefined variable: value E:\www\tp_demo\Application\Runtime\Cache\Home\2a94b8bda04ff446dcedd42276fc99ee.php 第 128 行.
NOTIC: [8] Undefined variable: value E:\www\tp_demo\Application\Runtime\Cache\Home\2a94b8bda04ff446dcedd42276fc99ee.php 第 141 行.
NOTIC: [8] Undefined variable: value E:\www\tp_demo\Application\Runtime\Cache\Home\2a94b8bda04ff446dcedd42276fc99ee.php 第 368 行.
NOTIC: [8] Undefined variable: value E:\www\tp_demo\Application\Runtime\Cache\Home\2a94b8bda04ff446dcedd42276fc99ee.php 第 369 行.
NOTIC: [8] Undefined variable: value E:\www\tp_demo\Application\Runtime\Cache\Home\2a94b8bda04ff446dcedd42276fc99ee.php 第 370 行.
NOTIC: [8] Undefined variable: value E:\www\tp_demo\Application\Runtime\Cache\Home\2a94b8bda04ff446dcedd42276fc99ee.php 第 373 行.
NOTIC: [8] Undefined variable: value E:\www\tp_demo\Application\Runtime\Cache\Home\2a94b8bda04ff446dcedd42276fc99ee.php 第 375 行.
NOTIC: [8] Undefined variable: pager E:\www\tp_demo\Application\Runtime\Cache\Home\2a94b8bda04ff446dcedd42276fc99ee.php 第 384 行.
INFO: Run Behavior\ParseTemplateBehavior [ RunTime:0.025680s ]
INFO: [ view_parse ] --END-- [ RunTime:0.025924s ]
INFO: [ view_filter ] --START--
INFO: Run Behavior\WriteHtmlCacheBehavior [ RunTime:0.001179s ]
INFO: [ view_filter ] --END-- [ RunTime:0.001435s ]
INFO: [ app_end ] --START--
INFO: Run Behavior\ShowPageTraceBehavior [ RunTime:0.001579s ]
INFO: [ app_end ] --END-- [ RunTime:0.001816s ]

[ 2016-01-22T22:23:53+08:00 ] 127.0.0.1 /index.php
INFO: [ app_init ] --START--
INFO: Run Behavior\BuildLiteBehavior [ RunTime:0.000043s ]
INFO: [ app_init ] --END-- [ RunTime:0.001908s ]
INFO: [ app_begin ] --START--
INFO: Run Behavior\ReadHtmlCacheBehavior [ RunTime:0.000944s ]
INFO: [ app_begin ] --END-- [ RunTime:0.001129s ]
INFO: [ view_parse ] --START--
NOTIC: [2] file_get_contents(__MODULE__/Home/View/Public/header.html) [<a href='function.file-get-contents'>function.file-get-contents</a>]: failed to open stream: No such file or directory E:\www\tp_demo\ThinkPHP\Library\Think\Template.class.php 第 696 行.
INFO: [ template_filter ] --START--
INFO: Run Behavior\ContentReplaceBehavior [ RunTime:0.000245s ]
INFO: [ template_filter ] --END-- [ RunTime:0.000501s ]
NOTIC: [8] Undefined variable: value E:\www\tp_demo\Application\Runtime\Cache\Home\2a94b8bda04ff446dcedd42276fc99ee.php 第 128 行.
NOTIC: [8] Undefined variable: value E:\www\tp_demo\Application\Runtime\Cache\Home\2a94b8bda04ff446dcedd42276fc99ee.php 第 141 行.
NOTIC: [8] Undefined variable: value E:\www\tp_demo\Application\Runtime\Cache\Home\2a94b8bda04ff446dcedd42276fc99ee.php 第 368 行.
NOTIC: [8] Undefined variable: value E:\www\tp_demo\Application\Runtime\Cache\Home\2a94b8bda04ff446dcedd42276fc99ee.php 第 369 行.
NOTIC: [8] Undefined variable: value E:\www\tp_demo\Application\Runtime\Cache\Home\2a94b8bda04ff446dcedd42276fc99ee.php 第 370 行.
NOTIC: [8] Undefined variable: value E:\www\tp_demo\Application\Runtime\Cache\Home\2a94b8bda04ff446dcedd42276fc99ee.php 第 373 行.
NOTIC: [8] Undefined variable: value E:\www\tp_demo\Application\Runtime\Cache\Home\2a94b8bda04ff446dcedd42276fc99ee.php 第 375 行.
NOTIC: [8] Undefined variable: pager E:\www\tp_demo\Application\Runtime\Cache\Home\2a94b8bda04ff446dcedd42276fc99ee.php 第 384 行.
INFO: Run Behavior\ParseTemplateBehavior [ RunTime:0.025860s ]
INFO: [ view_parse ] --END-- [ RunTime:0.026039s ]
INFO: [ view_filter ] --START--
INFO: Run Behavior\WriteHtmlCacheBehavior [ RunTime:0.001989s ]
INFO: [ view_filter ] --END-- [ RunTime:0.002302s ]
INFO: [ app_end ] --START--
INFO: Run Behavior\ShowPageTraceBehavior [ RunTime:0.001185s ]
INFO: [ app_end ] --END-- [ RunTime:0.001353s ]

[ 2016-01-22T22:24:13+08:00 ] 127.0.0.1 /index.php
INFO: [ app_init ] --START--
INFO: Run Behavior\BuildLiteBehavior [ RunTime:0.000041s ]
INFO: [ app_init ] --END-- [ RunTime:0.000737s ]
INFO: [ app_begin ] --START--
INFO: Run Behavior\ReadHtmlCacheBehavior [ RunTime:0.000821s ]
INFO: [ app_begin ] --END-- [ RunTime:0.000990s ]
INFO: [ view_parse ] --START--
NOTIC: [2] file_get_contents(__APP__/Home/View/Public/header.html) [<a href='function.file-get-contents'>function.file-get-contents</a>]: failed to open stream: No such file or directory E:\www\tp_demo\ThinkPHP\Library\Think\Template.class.php 第 696 行.
INFO: [ template_filter ] --START--
INFO: Run Behavior\ContentReplaceBehavior [ RunTime:0.000243s ]
INFO: [ template_filter ] --END-- [ RunTime:0.000486s ]
NOTIC: [8] Undefined variable: value E:\www\tp_demo\Application\Runtime\Cache\Home\2a94b8bda04ff446dcedd42276fc99ee.php 第 128 行.
NOTIC: [8] Undefined variable: value E:\www\tp_demo\Application\Runtime\Cache\Home\2a94b8bda04ff446dcedd42276fc99ee.php 第 141 行.
NOTIC: [8] Undefined variable: value E:\www\tp_demo\Application\Runtime\Cache\Home\2a94b8bda04ff446dcedd42276fc99ee.php 第 368 行.
NOTIC: [8] Undefined variable: value E:\www\tp_demo\Application\Runtime\Cache\Home\2a94b8bda04ff446dcedd42276fc99ee.php 第 369 行.
NOTIC: [8] Undefined variable: value E:\www\tp_demo\Application\Runtime\Cache\Home\2a94b8bda04ff446dcedd42276fc99ee.php 第 370 行.
NOTIC: [8] Undefined variable: value E:\www\tp_demo\Application\Runtime\Cache\Home\2a94b8bda04ff446dcedd42276fc99ee.php 第 373 行.
NOTIC: [8] Undefined variable: value E:\www\tp_demo\Application\Runtime\Cache\Home\2a94b8bda04ff446dcedd42276fc99ee.php 第 375 行.
NOTIC: [8] Undefined variable: pager E:\www\tp_demo\Application\Runtime\Cache\Home\2a94b8bda04ff446dcedd42276fc99ee.php 第 384 行.
INFO: Run Behavior\ParseTemplateBehavior [ RunTime:0.032836s ]
INFO: [ view_parse ] --END-- [ RunTime:0.033009s ]
INFO: [ view_filter ] --START--
INFO: Run Behavior\WriteHtmlCacheBehavior [ RunTime:0.000537s ]
INFO: [ view_filter ] --END-- [ RunTime:0.000692s ]
INFO: [ app_end ] --START--
INFO: Run Behavior\ShowPageTraceBehavior [ RunTime:0.000828s ]
INFO: [ app_end ] --END-- [ RunTime:0.000976s ]

[ 2016-01-22T22:24:41+08:00 ] 127.0.0.1 /index.php
INFO: [ app_init ] --START--
INFO: Run Behavior\BuildLiteBehavior [ RunTime:0.000039s ]
INFO: [ app_init ] --END-- [ RunTime:0.000777s ]
INFO: [ app_begin ] --START--
INFO: Run Behavior\ReadHtmlCacheBehavior [ RunTime:0.001002s ]
INFO: [ app_begin ] --END-- [ RunTime:0.001188s ]
INFO: [ view_parse ] --START--
NOTIC: [2] file_get_contents(__MODULE__/View/Public/header.html) [<a href='function.file-get-contents'>function.file-get-contents</a>]: failed to open stream: No such file or directory E:\www\tp_demo\ThinkPHP\Library\Think\Template.class.php 第 696 行.
INFO: [ template_filter ] --START--
INFO: Run Behavior\ContentReplaceBehavior [ RunTime:0.000243s ]
INFO: [ template_filter ] --END-- [ RunTime:0.000481s ]
NOTIC: [8] Undefined variable: value E:\www\tp_demo\Application\Runtime\Cache\Home\2a94b8bda04ff446dcedd42276fc99ee.php 第 128 行.
NOTIC: [8] Undefined variable: value E:\www\tp_demo\Application\Runtime\Cache\Home\2a94b8bda04ff446dcedd42276fc99ee.php 第 141 行.
NOTIC: [8] Undefined variable: value E:\www\tp_demo\Application\Runtime\Cache\Home\2a94b8bda04ff446dcedd42276fc99ee.php 第 368 行.
NOTIC: [8] Undefined variable: value E:\www\tp_demo\Application\Runtime\Cache\Home\2a94b8bda04ff446dcedd42276fc99ee.php 第 369 行.
NOTIC: [8] Undefined variable: value E:\www\tp_demo\Application\Runtime\Cache\Home\2a94b8bda04ff446dcedd42276fc99ee.php 第 370 行.
NOTIC: [8] Undefined variable: value E:\www\tp_demo\Application\Runtime\Cache\Home\2a94b8bda04ff446dcedd42276fc99ee.php 第 373 行.
NOTIC: [8] Undefined variable: value E:\www\tp_demo\Application\Runtime\Cache\Home\2a94b8bda04ff446dcedd42276fc99ee.php 第 375 行.
NOTIC: [8] Undefined variable: pager E:\www\tp_demo\Application\Runtime\Cache\Home\2a94b8bda04ff446dcedd42276fc99ee.php 第 384 行.
INFO: Run Behavior\ParseTemplateBehavior [ RunTime:0.032812s ]
INFO: [ view_parse ] --END-- [ RunTime:0.033057s ]
INFO: [ view_filter ] --START--
INFO: Run Behavior\WriteHtmlCacheBehavior [ RunTime:0.001294s ]
INFO: [ view_filter ] --END-- [ RunTime:0.001577s ]
INFO: [ app_end ] --START--
INFO: Run Behavior\ShowPageTraceBehavior [ RunTime:0.001983s ]
INFO: [ app_end ] --END-- [ RunTime:0.002216s ]

[ 2016-01-22T22:26:56+08:00 ] 127.0.0.1 /index.php
INFO: [ app_init ] --START--
INFO: Run Behavior\BuildLiteBehavior [ RunTime:0.000057s ]
INFO: [ app_init ] --END-- [ RunTime:0.001316s ]
INFO: [ app_begin ] --START--
INFO: Run Behavior\ReadHtmlCacheBehavior [ RunTime:0.009390s ]
INFO: [ app_begin ] --END-- [ RunTime:0.009766s ]
INFO: [ view_parse ] --START--
INFO: [ template_filter ] --START--
INFO: Run Behavior\ContentReplaceBehavior [ RunTime:0.000242s ]
INFO: [ template_filter ] --END-- [ RunTime:0.000425s ]
NOTIC: [8] Undefined variable: value E:\www\tp_demo\Application\Runtime\Cache\Home\2a94b8bda04ff446dcedd42276fc99ee.php 第 203 行.
NOTIC: [8] Undefined variable: value E:\www\tp_demo\Application\Runtime\Cache\Home\2a94b8bda04ff446dcedd42276fc99ee.php 第 216 行.
NOTIC: [8] Undefined variable: value E:\www\tp_demo\Application\Runtime\Cache\Home\2a94b8bda04ff446dcedd42276fc99ee.php 第 443 行.
NOTIC: [8] Undefined variable: value E:\www\tp_demo\Application\Runtime\Cache\Home\2a94b8bda04ff446dcedd42276fc99ee.php 第 444 行.
NOTIC: [8] Undefined variable: value E:\www\tp_demo\Application\Runtime\Cache\Home\2a94b8bda04ff446dcedd42276fc99ee.php 第 445 行.
NOTIC: [8] Undefined variable: value E:\www\tp_demo\Application\Runtime\Cache\Home\2a94b8bda04ff446dcedd42276fc99ee.php 第 448 行.
NOTIC: [8] Undefined variable: value E:\www\tp_demo\Application\Runtime\Cache\Home\2a94b8bda04ff446dcedd42276fc99ee.php 第 450 行.
NOTIC: [8] Undefined variable: pager E:\www\tp_demo\Application\Runtime\Cache\Home\2a94b8bda04ff446dcedd42276fc99ee.php 第 459 行.
INFO: Run Behavior\ParseTemplateBehavior [ RunTime:0.031411s ]
INFO: [ view_parse ] --END-- [ RunTime:0.031667s ]
INFO: [ view_filter ] --START--
INFO: Run Behavior\WriteHtmlCacheBehavior [ RunTime:0.000700s ]
INFO: [ view_filter ] --END-- [ RunTime:0.000947s ]
INFO: [ app_end ] --START--
INFO: Run Behavior\ShowPageTraceBehavior [ RunTime:0.001029s ]
INFO: [ app_end ] --END-- [ RunTime:0.001183s ]

[ 2016-01-22T22:29:31+08:00 ] 127.0.0.1 /index.php
INFO: [ app_init ] --START--
INFO: Run Behavior\BuildLiteBehavior [ RunTime:0.000039s ]
INFO: [ app_init ] --END-- [ RunTime:0.000801s ]
INFO: [ app_begin ] --START--
INFO: Run Behavior\ReadHtmlCacheBehavior [ RunTime:0.001083s ]
INFO: [ app_begin ] --END-- [ RunTime:0.001270s ]
INFO: [ view_parse ] --START--
INFO: [ template_filter ] --START--
INFO: Run Behavior\ContentReplaceBehavior [ RunTime:0.000229s ]
INFO: [ template_filter ] --END-- [ RunTime:0.000416s ]
NOTIC: [8] Undefined variable: value E:\www\tp_demo\Application\Runtime\Cache\Home\2a94b8bda04ff446dcedd42276fc99ee.php 第 203 行.
NOTIC: [8] Undefined variable: value E:\www\tp_demo\Application\Runtime\Cache\Home\2a94b8bda04ff446dcedd42276fc99ee.php 第 216 行.
NOTIC: [8] Undefined variable: value E:\www\tp_demo\Application\Runtime\Cache\Home\2a94b8bda04ff446dcedd42276fc99ee.php 第 443 行.
NOTIC: [8] Undefined variable: value E:\www\tp_demo\Application\Runtime\Cache\Home\2a94b8bda04ff446dcedd42276fc99ee.php 第 444 行.
NOTIC: [8] Undefined variable: value E:\www\tp_demo\Application\Runtime\Cache\Home\2a94b8bda04ff446dcedd42276fc99ee.php 第 445 行.
NOTIC: [8] Undefined variable: value E:\www\tp_demo\Application\Runtime\Cache\Home\2a94b8bda04ff446dcedd42276fc99ee.php 第 448 行.
NOTIC: [8] Undefined variable: value E:\www\tp_demo\Application\Runtime\Cache\Home\2a94b8bda04ff446dcedd42276fc99ee.php 第 450 行.
NOTIC: [8] Undefined variable: pager E:\www\tp_demo\Application\Runtime\Cache\Home\2a94b8bda04ff446dcedd42276fc99ee.php 第 459 行.
INFO: Run Behavior\ParseTemplateBehavior [ RunTime:0.022328s ]
INFO: [ view_parse ] --END-- [ RunTime:0.022531s ]
INFO: [ view_filter ] --START--
INFO: Run Behavior\WriteHtmlCacheBehavior [ RunTime:0.000778s ]
INFO: [ view_filter ] --END-- [ RunTime:0.000955s ]
INFO: [ app_end ] --START--
INFO: Run Behavior\ShowPageTraceBehavior [ RunTime:0.001036s ]
INFO: [ app_end ] --END-- [ RunTime:0.001188s ]

[ 2016-01-22T22:29:35+08:00 ] 127.0.0.1 /index.php
INFO: [ app_init ] --START--
INFO: Run Behavior\BuildLiteBehavior [ RunTime:0.000040s ]
INFO: [ app_init ] --END-- [ RunTime:0.000756s ]
INFO: [ app_begin ] --START--
INFO: Run Behavior\ReadHtmlCacheBehavior [ RunTime:0.001110s ]
INFO: [ app_begin ] --END-- [ RunTime:0.001290s ]
INFO: [ view_parse ] --START--
INFO: [ template_filter ] --START--
INFO: Run Behavior\ContentReplaceBehavior [ RunTime:0.000222s ]
INFO: [ template_filter ] --END-- [ RunTime:0.000406s ]
NOTIC: [8] Undefined variable: value E:\www\tp_demo\Application\Runtime\Cache\Home\2a94b8bda04ff446dcedd42276fc99ee.php 第 203 行.
NOTIC: [8] Undefined variable: value E:\www\tp_demo\Application\Runtime\Cache\Home\2a94b8bda04ff446dcedd42276fc99ee.php 第 216 行.
NOTIC: [8] Undefined variable: value E:\www\tp_demo\Application\Runtime\Cache\Home\2a94b8bda04ff446dcedd42276fc99ee.php 第 443 行.
NOTIC: [8] Undefined variable: value E:\www\tp_demo\Application\Runtime\Cache\Home\2a94b8bda04ff446dcedd42276fc99ee.php 第 444 行.
NOTIC: [8] Undefined variable: value E:\www\tp_demo\Application\Runtime\Cache\Home\2a94b8bda04ff446dcedd42276fc99ee.php 第 445 行.
NOTIC: [8] Undefined variable: value E:\www\tp_demo\Application\Runtime\Cache\Home\2a94b8bda04ff446dcedd42276fc99ee.php 第 448 行.
NOTIC: [8] Undefined variable: value E:\www\tp_demo\Application\Runtime\Cache\Home\2a94b8bda04ff446dcedd42276fc99ee.php 第 450 行.
NOTIC: [8] Undefined variable: pager E:\www\tp_demo\Application\Runtime\Cache\Home\2a94b8bda04ff446dcedd42276fc99ee.php 第 459 行.
INFO: Run Behavior\ParseTemplateBehavior [ RunTime:0.019797s ]
INFO: [ view_parse ] --END-- [ RunTime:0.019973s ]
INFO: [ view_filter ] --START--
INFO: Run Behavior\WriteHtmlCacheBehavior [ RunTime:0.000549s ]
INFO: [ view_filter ] --END-- [ RunTime:0.000703s ]
INFO: [ app_end ] --START--
INFO: Run Behavior\ShowPageTraceBehavior [ RunTime:0.000911s ]
INFO: [ app_end ] --END-- [ RunTime:0.001085s ]

[ 2016-01-22T22:32:29+08:00 ] 127.0.0.1 /index.php
INFO: [ app_init ] --START--
INFO: Run Behavior\BuildLiteBehavior [ RunTime:0.000039s ]
INFO: [ app_init ] --END-- [ RunTime:0.000791s ]
INFO: [ app_begin ] --START--
INFO: Run Behavior\ReadHtmlCacheBehavior [ RunTime:0.001010s ]
INFO: [ app_begin ] --END-- [ RunTime:0.001201s ]
INFO: [ view_parse ] --START--
INFO: [ template_filter ] --START--
INFO: Run Behavior\ContentReplaceBehavior [ RunTime:0.000248s ]
INFO: [ template_filter ] --END-- [ RunTime:0.000579s ]
NOTIC: [8] Undefined variable: value E:\www\tp_demo\Application\Runtime\Cache\Home\2a94b8bda04ff446dcedd42276fc99ee.php 第 203 行.
NOTIC: [8] Undefined variable: value E:\www\tp_demo\Application\Runtime\Cache\Home\2a94b8bda04ff446dcedd42276fc99ee.php 第 216 行.
NOTIC: [8] Undefined variable: value E:\www\tp_demo\Application\Runtime\Cache\Home\2a94b8bda04ff446dcedd42276fc99ee.php 第 443 行.
NOTIC: [8] Undefined variable: value E:\www\tp_demo\Application\Runtime\Cache\Home\2a94b8bda04ff446dcedd42276fc99ee.php 第 444 行.
NOTIC: [8] Undefined variable: value E:\www\tp_demo\Application\Runtime\Cache\Home\2a94b8bda04ff446dcedd42276fc99ee.php 第 445 行.
NOTIC: [8] Undefined variable: value E:\www\tp_demo\Application\Runtime\Cache\Home\2a94b8bda04ff446dcedd42276fc99ee.php 第 448 行.
NOTIC: [8] Undefined variable: value E:\www\tp_demo\Application\Runtime\Cache\Home\2a94b8bda04ff446dcedd42276fc99ee.php 第 450 行.
NOTIC: [8] Undefined variable: pager E:\www\tp_demo\Application\Runtime\Cache\Home\2a94b8bda04ff446dcedd42276fc99ee.php 第 459 行.
INFO: Run Behavior\ParseTemplateBehavior [ RunTime:0.027283s ]
INFO: [ view_parse ] --END-- [ RunTime:0.027471s ]
INFO: [ view_filter ] --START--
INFO: Run Behavior\WriteHtmlCacheBehavior [ RunTime:0.000673s ]
INFO: [ view_filter ] --END-- [ RunTime:0.000829s ]
INFO: [ app_end ] --START--
INFO: Run Behavior\ShowPageTraceBehavior [ RunTime:0.000959s ]
INFO: [ app_end ] --END-- [ RunTime:0.001111s ]

[ 2016-01-22T22:32:40+08:00 ] 127.0.0.1 /index.php
INFO: [ app_init ] --START--
INFO: Run Behavior\BuildLiteBehavior [ RunTime:0.000060s ]
INFO: [ app_init ] --END-- [ RunTime:0.001425s ]
INFO: [ app_begin ] --START--
INFO: Run Behavior\ReadHtmlCacheBehavior [ RunTime:0.001620s ]
INFO: [ app_begin ] --END-- [ RunTime:0.001926s ]
INFO: [ view_parse ] --START--
NOTIC: [2] file_get_contents(./Application/Home/View/Index/Publicfooter.html) [<a href='function.file-get-contents'>function.file-get-contents</a>]: failed to open stream: No such file or directory E:\www\tp_demo\ThinkPHP\Library\Think\Template.class.php 第 696 行.
INFO: [ template_filter ] --START--
INFO: Run Behavior\ContentReplaceBehavior [ RunTime:0.000214s ]
INFO: [ template_filter ] --END-- [ RunTime:0.000407s ]
NOTIC: [8] Undefined variable: value E:\www\tp_demo\Application\Runtime\Cache\Home\2a94b8bda04ff446dcedd42276fc99ee.php 第 203 行.
NOTIC: [8] Undefined variable: value E:\www\tp_demo\Application\Runtime\Cache\Home\2a94b8bda04ff446dcedd42276fc99ee.php 第 216 行.
NOTIC: [8] Undefined variable: value E:\www\tp_demo\Application\Runtime\Cache\Home\2a94b8bda04ff446dcedd42276fc99ee.php 第 443 行.
NOTIC: [8] Undefined variable: value E:\www\tp_demo\Application\Runtime\Cache\Home\2a94b8bda04ff446dcedd42276fc99ee.php 第 444 行.
NOTIC: [8] Undefined variable: value E:\www\tp_demo\Application\Runtime\Cache\Home\2a94b8bda04ff446dcedd42276fc99ee.php 第 445 行.
NOTIC: [8] Undefined variable: value E:\www\tp_demo\Application\Runtime\Cache\Home\2a94b8bda04ff446dcedd42276fc99ee.php 第 448 行.
NOTIC: [8] Undefined variable: value E:\www\tp_demo\Application\Runtime\Cache\Home\2a94b8bda04ff446dcedd42276fc99ee.php 第 450 行.
NOTIC: [8] Undefined variable: pager E:\www\tp_demo\Application\Runtime\Cache\Home\2a94b8bda04ff446dcedd42276fc99ee.php 第 459 行.
INFO: Run Behavior\ParseTemplateBehavior [ RunTime:0.085782s ]
INFO: [ view_parse ] --END-- [ RunTime:0.085966s ]
INFO: [ view_filter ] --START--
INFO: Run Behavior\WriteHtmlCacheBehavior [ RunTime:0.000629s ]
INFO: [ view_filter ] --END-- [ RunTime:0.000782s ]
INFO: [ app_end ] --START--
INFO: Run Behavior\ShowPageTraceBehavior [ RunTime:0.000954s ]
INFO: [ app_end ] --END-- [ RunTime:0.001104s ]

[ 2016-01-22T22:33:05+08:00 ] 127.0.0.1 /index.php
INFO: [ app_init ] --START--
INFO: Run Behavior\BuildLiteBehavior [ RunTime:0.000041s ]
INFO: [ app_init ] --END-- [ RunTime:0.000826s ]
INFO: [ app_begin ] --START--
INFO: Run Behavior\ReadHtmlCacheBehavior [ RunTime:0.001099s ]
INFO: [ app_begin ] --END-- [ RunTime:0.001626s ]
INFO: [ view_parse ] --START--
INFO: [ template_filter ] --START--
INFO: Run Behavior\ContentReplaceBehavior [ RunTime:0.000233s ]
INFO: [ template_filter ] --END-- [ RunTime:0.000426s ]
NOTIC: [8] Undefined variable: value E:\www\tp_demo\Application\Runtime\Cache\Home\2a94b8bda04ff446dcedd42276fc99ee.php 第 203 行.
NOTIC: [8] Undefined variable: value E:\www\tp_demo\Application\Runtime\Cache\Home\2a94b8bda04ff446dcedd42276fc99ee.php 第 216 行.
NOTIC: [8] Undefined variable: value E:\www\tp_demo\Application\Runtime\Cache\Home\2a94b8bda04ff446dcedd42276fc99ee.php 第 443 行.
NOTIC: [8] Undefined variable: value E:\www\tp_demo\Application\Runtime\Cache\Home\2a94b8bda04ff446dcedd42276fc99ee.php 第 444 行.
NOTIC: [8] Undefined variable: value E:\www\tp_demo\Application\Runtime\Cache\Home\2a94b8bda04ff446dcedd42276fc99ee.php 第 445 行.
NOTIC: [8] Undefined variable: value E:\www\tp_demo\Application\Runtime\Cache\Home\2a94b8bda04ff446dcedd42276fc99ee.php 第 448 行.
NOTIC: [8] Undefined variable: value E:\www\tp_demo\Application\Runtime\Cache\Home\2a94b8bda04ff446dcedd42276fc99ee.php 第 450 行.
NOTIC: [8] Undefined variable: pager E:\www\tp_demo\Application\Runtime\Cache\Home\2a94b8bda04ff446dcedd42276fc99ee.php 第 459 行.
INFO: Run Behavior\ParseTemplateBehavior [ RunTime:0.026516s ]
INFO: [ view_parse ] --END-- [ RunTime:0.026705s ]
INFO: [ view_filter ] --START--
INFO: Run Behavior\WriteHtmlCacheBehavior [ RunTime:0.000630s ]
INFO: [ view_filter ] --END-- [ RunTime:0.000784s ]
INFO: [ app_end ] --START--
INFO: Run Behavior\ShowPageTraceBehavior [ RunTime:0.001097s ]
INFO: [ app_end ] --END-- [ RunTime:0.001250s ]

[ 2016-01-22T22:45:27+08:00 ] 127.0.0.1 /index.php/test/add
INFO: [ app_init ] --START--
INFO: Run Behavior\BuildLiteBehavior [ RunTime:0.000081s ]
INFO: [ app_init ] --END-- [ RunTime:0.001503s ]
INFO: [ app_begin ] --START--
INFO: Run Behavior\ReadHtmlCacheBehavior [ RunTime:0.001646s ]
INFO: [ app_begin ] --END-- [ RunTime:0.001960s ]
INFO: [ view_parse ] --START--
INFO: [ template_filter ] --START--
INFO: Run Behavior\ContentReplaceBehavior [ RunTime:0.000100s ]
INFO: [ template_filter ] --END-- [ RunTime:0.000310s ]
INFO: Run Behavior\ParseTemplateBehavior [ RunTime:0.022207s ]
INFO: [ view_parse ] --END-- [ RunTime:0.022418s ]
INFO: [ view_filter ] --START--
INFO: Run Behavior\WriteHtmlCacheBehavior [ RunTime:0.000629s ]
INFO: [ view_filter ] --END-- [ RunTime:0.000797s ]
INFO: [ app_end ] --START--
INFO: Run Behavior\ShowPageTraceBehavior [ RunTime:0.000952s ]
INFO: [ app_end ] --END-- [ RunTime:0.007487s ]

[ 2016-01-22T22:45:35+08:00 ] 127.0.0.1 /index.php/test/add
INFO: [ app_init ] --START--
INFO: Run Behavior\BuildLiteBehavior [ RunTime:0.000039s ]
INFO: [ app_init ] --END-- [ RunTime:0.000718s ]
INFO: [ app_begin ] --START--
INFO: Run Behavior\ReadHtmlCacheBehavior [ RunTime:0.000898s ]
INFO: [ app_begin ] --END-- [ RunTime:0.001102s ]
INFO: [ view_parse ] --START--
INFO: [ template_filter ] --START--
INFO: Run Behavior\ContentReplaceBehavior [ RunTime:0.000117s ]
INFO: [ template_filter ] --END-- [ RunTime:0.000369s ]
INFO: Run Behavior\ParseTemplateBehavior [ RunTime:0.014926s ]
INFO: [ view_parse ] --END-- [ RunTime:0.015188s ]
INFO: [ view_filter ] --START--
INFO: Run Behavior\WriteHtmlCacheBehavior [ RunTime:0.001042s ]
INFO: [ view_filter ] --END-- [ RunTime:0.001262s ]
INFO: [ app_end ] --START--
INFO: Run Behavior\ShowPageTraceBehavior [ RunTime:0.001588s ]
INFO: [ app_end ] --END-- [ RunTime:0.001779s ]

[ 2016-01-22T22:45:38+08:00 ] 127.0.0.1 /index.php/test/add
INFO: [ app_init ] --START--
INFO: Run Behavior\BuildLiteBehavior [ RunTime:0.000041s ]
INFO: [ app_init ] --END-- [ RunTime:0.000925s ]
INFO: [ app_begin ] --START--
INFO: Run Behavior\ReadHtmlCacheBehavior [ RunTime:0.000929s ]
INFO: [ app_begin ] --END-- [ RunTime:0.001118s ]
INFO: [ view_parse ] --START--
INFO: [ template_filter ] --START--
INFO: Run Behavior\ContentReplaceBehavior [ RunTime:0.000097s ]
INFO: [ template_filter ] --END-- [ RunTime:0.000294s ]
INFO: Run Behavior\ParseTemplateBehavior [ RunTime:0.012201s ]
INFO: [ view_parse ] --END-- [ RunTime:0.015781s ]
INFO: [ view_filter ] --START--
INFO: Run Behavior\WriteHtmlCacheBehavior [ RunTime:0.001095s ]
INFO: [ view_filter ] --END-- [ RunTime:0.001262s ]
INFO: [ app_end ] --START--
INFO: Run Behavior\ShowPageTraceBehavior [ RunTime:0.005651s ]
INFO: [ app_end ] --END-- [ RunTime:0.005845s ]

[ 2016-01-22T22:46:55+08:00 ] 127.0.0.1 /index.php/test/add
INFO: [ app_init ] --START--
INFO: Run Behavior\BuildLiteBehavior [ RunTime:0.000059s ]
INFO: [ app_init ] --END-- [ RunTime:0.001192s ]
INFO: [ app_begin ] --START--
INFO: Run Behavior\ReadHtmlCacheBehavior [ RunTime:0.003285s ]
INFO: [ app_begin ] --END-- [ RunTime:0.003584s ]
INFO: [ view_parse ] --START--
INFO: [ template_filter ] --START--
INFO: Run Behavior\ContentReplaceBehavior [ RunTime:0.000099s ]
INFO: [ template_filter ] --END-- [ RunTime:0.000299s ]
INFO: Run Behavior\ParseTemplateBehavior [ RunTime:0.012876s ]
INFO: [ view_parse ] --END-- [ RunTime:0.013114s ]
INFO: [ view_filter ] --START--
INFO: Run Behavior\WriteHtmlCacheBehavior [ RunTime:0.000588s ]
INFO: [ view_filter ] --END-- [ RunTime:0.000737s ]
INFO: [ app_end ] --START--
INFO: Run Behavior\ShowPageTraceBehavior [ RunTime:0.000960s ]
INFO: [ app_end ] --END-- [ RunTime:0.001116s ]

[ 2016-01-22T22:47:13+08:00 ] 127.0.0.1 /index.php/test/add
INFO: [ app_init ] --START--
INFO: Run Behavior\BuildLiteBehavior [ RunTime:0.000051s ]
INFO: [ app_init ] --END-- [ RunTime:0.001446s ]
INFO: [ app_begin ] --START--
INFO: Run Behavior\ReadHtmlCacheBehavior [ RunTime:0.001648s ]
INFO: [ app_begin ] --END-- [ RunTime:0.002424s ]
INFO: [ view_parse ] --START--
INFO: [ template_filter ] --START--
INFO: Run Behavior\ContentReplaceBehavior [ RunTime:0.000094s ]
INFO: [ template_filter ] --END-- [ RunTime:0.000288s ]
INFO: Run Behavior\ParseTemplateBehavior [ RunTime:0.011624s ]
INFO: [ view_parse ] --END-- [ RunTime:0.011912s ]
INFO: [ view_filter ] --START--
INFO: Run Behavior\WriteHtmlCacheBehavior [ RunTime:0.001030s ]
INFO: [ view_filter ] --END-- [ RunTime:0.001256s ]
INFO: [ app_end ] --START--
INFO: Run Behavior\ShowPageTraceBehavior [ RunTime:0.001587s ]
INFO: [ app_end ] --END-- [ RunTime:0.001966s ]

[ 2016-01-22T22:47:31+08:00 ] 127.0.0.1 /index.php/test/add
INFO: [ app_init ] --START--
INFO: Run Behavior\BuildLiteBehavior [ RunTime:0.000041s ]
INFO: [ app_init ] --END-- [ RunTime:0.000809s ]
INFO: [ app_begin ] --START--
INFO: Run Behavior\ReadHtmlCacheBehavior [ RunTime:0.001010s ]
INFO: [ app_begin ] --END-- [ RunTime:0.001202s ]
INFO: [ view_parse ] --START--
INFO: [ template_filter ] --START--
INFO: Run Behavior\ContentReplaceBehavior [ RunTime:0.000093s ]
INFO: [ template_filter ] --END-- [ RunTime:0.000280s ]
INFO: Run Behavior\ParseTemplateBehavior [ RunTime:0.012141s ]
INFO: [ view_parse ] --END-- [ RunTime:0.012729s ]
INFO: [ view_filter ] --START--
INFO: Run Behavior\WriteHtmlCacheBehavior [ RunTime:0.000813s ]
INFO: [ view_filter ] --END-- [ RunTime:0.000992s ]
INFO: [ app_end ] --START--
INFO: Run Behavior\ShowPageTraceBehavior [ RunTime:0.001262s ]
INFO: [ app_end ] --END-- [ RunTime:0.001416s ]

[ 2016-01-22T22:47:38+08:00 ] 127.0.0.1 /index.php/test/add
INFO: [ app_init ] --START--
INFO: Run Behavior\BuildLiteBehavior [ RunTime:0.000040s ]
INFO: [ app_init ] --END-- [ RunTime:0.000748s ]
INFO: [ app_begin ] --START--
INFO: Run Behavior\ReadHtmlCacheBehavior [ RunTime:0.000898s ]
INFO: [ app_begin ] --END-- [ RunTime:0.001070s ]
INFO: [ view_parse ] --START--
INFO: [ template_filter ] --START--
INFO: Run Behavior\ContentReplaceBehavior [ RunTime:0.000097s ]
INFO: [ template_filter ] --END-- [ RunTime:0.000296s ]
INFO: Run Behavior\ParseTemplateBehavior [ RunTime:0.011443s ]
INFO: [ view_parse ] --END-- [ RunTime:0.011652s ]
INFO: [ view_filter ] --START--
INFO: Run Behavior\WriteHtmlCacheBehavior [ RunTime:0.000683s ]
INFO: [ view_filter ] --END-- [ RunTime:0.000852s ]
INFO: [ app_end ] --START--
INFO: Run Behavior\ShowPageTraceBehavior [ RunTime:0.001051s ]
INFO: [ app_end ] --END-- [ RunTime:0.001217s ]

[ 2016-01-22T23:42:06+08:00 ] 127.0.0.1 /index.php
INFO: [ app_init ] --START--
INFO: Run Behavior\BuildLiteBehavior [ RunTime:0.000056s ]
INFO: [ app_init ] --END-- [ RunTime:0.001022s ]
INFO: [ app_begin ] --START--
INFO: Run Behavior\ReadHtmlCacheBehavior [ RunTime:0.001601s ]
INFO: [ app_begin ] --END-- [ RunTime:0.001946s ]
INFO: [ view_parse ] --START--
INFO: [ template_filter ] --START--
INFO: Run Behavior\ContentReplaceBehavior [ RunTime:0.000240s ]
INFO: [ template_filter ] --END-- [ RunTime:0.000475s ]
NOTIC: [8] Undefined variable: value E:\www\tp_demo\Application\Runtime\Cache\Home\2a94b8bda04ff446dcedd42276fc99ee.php 第 203 行.
NOTIC: [8] Undefined variable: value E:\www\tp_demo\Application\Runtime\Cache\Home\2a94b8bda04ff446dcedd42276fc99ee.php 第 216 行.
NOTIC: [8] Undefined variable: value E:\www\tp_demo\Application\Runtime\Cache\Home\2a94b8bda04ff446dcedd42276fc99ee.php 第 443 行.
NOTIC: [8] Undefined variable: value E:\www\tp_demo\Application\Runtime\Cache\Home\2a94b8bda04ff446dcedd42276fc99ee.php 第 444 行.
NOTIC: [8] Undefined variable: value E:\www\tp_demo\Application\Runtime\Cache\Home\2a94b8bda04ff446dcedd42276fc99ee.php 第 445 行.
NOTIC: [8] Undefined variable: value E:\www\tp_demo\Application\Runtime\Cache\Home\2a94b8bda04ff446dcedd42276fc99ee.php 第 448 行.
NOTIC: [8] Undefined variable: value E:\www\tp_demo\Application\Runtime\Cache\Home\2a94b8bda04ff446dcedd42276fc99ee.php 第 450 行.
NOTIC: [8] Undefined variable: pager E:\www\tp_demo\Application\Runtime\Cache\Home\2a94b8bda04ff446dcedd42276fc99ee.php 第 459 行.
INFO: Run Behavior\ParseTemplateBehavior [ RunTime:0.030095s ]
INFO: [ view_parse ] --END-- [ RunTime:0.030287s ]
INFO: [ view_filter ] --START--
INFO: Run Behavior\WriteHtmlCacheBehavior [ RunTime:0.000824s ]
INFO: [ view_filter ] --END-- [ RunTime:0.001071s ]
INFO: [ app_end ] --START--
INFO: Run Behavior\ShowPageTraceBehavior [ RunTime:0.001085s ]
INFO: [ app_end ] --END-- [ RunTime:0.001251s ]

[ 2016-01-22T23:42:42+08:00 ] 127.0.0.1 /index.php
INFO: [ app_init ] --START--
INFO: Run Behavior\BuildLiteBehavior [ RunTime:0.000041s ]
INFO: [ app_init ] --END-- [ RunTime:0.001142s ]
INFO: [ app_begin ] --START--
INFO: Run Behavior\ReadHtmlCacheBehavior [ RunTime:0.001001s ]
INFO: [ app_begin ] --END-- [ RunTime:0.001176s ]
INFO: [ view_parse ] --START--
INFO: [ template_filter ] --START--
INFO: Run Behavior\ContentReplaceBehavior [ RunTime:0.000228s ]
INFO: [ template_filter ] --END-- [ RunTime:0.000422s ]
NOTIC: [8] Undefined variable: value E:\www\tp_demo\Application\Runtime\Cache\Home\2a94b8bda04ff446dcedd42276fc99ee.php 第 203 行.
NOTIC: [8] Undefined variable: value E:\www\tp_demo\Application\Runtime\Cache\Home\2a94b8bda04ff446dcedd42276fc99ee.php 第 216 行.
NOTIC: [8] Undefined variable: value E:\www\tp_demo\Application\Runtime\Cache\Home\2a94b8bda04ff446dcedd42276fc99ee.php 第 443 行.
NOTIC: [8] Undefined variable: value E:\www\tp_demo\Application\Runtime\Cache\Home\2a94b8bda04ff446dcedd42276fc99ee.php 第 444 行.
NOTIC: [8] Undefined variable: value E:\www\tp_demo\Application\Runtime\Cache\Home\2a94b8bda04ff446dcedd42276fc99ee.php 第 445 行.
NOTIC: [8] Undefined variable: value E:\www\tp_demo\Application\Runtime\Cache\Home\2a94b8bda04ff446dcedd42276fc99ee.php 第 448 行.
NOTIC: [8] Undefined variable: value E:\www\tp_demo\Application\Runtime\Cache\Home\2a94b8bda04ff446dcedd42276fc99ee.php 第 450 行.
NOTIC: [8] Undefined variable: pager E:\www\tp_demo\Application\Runtime\Cache\Home\2a94b8bda04ff446dcedd42276fc99ee.php 第 459 行.
INFO: Run Behavior\ParseTemplateBehavior [ RunTime:0.023057s ]
INFO: [ view_parse ] --END-- [ RunTime:0.023250s ]
INFO: [ view_filter ] --START--
INFO: Run Behavior\WriteHtmlCacheBehavior [ RunTime:0.000731s ]
INFO: [ view_filter ] --END-- [ RunTime:0.000900s ]
INFO: [ app_end ] --START--
INFO: Run Behavior\ShowPageTraceBehavior [ RunTime:0.001063s ]
INFO: [ app_end ] --END-- [ RunTime:0.001223s ]

[ 2016-01-22T23:42:49+08:00 ] 127.0.0.1 /index.php
INFO: [ app_init ] --START--
INFO: Run Behavior\BuildLiteBehavior [ RunTime:0.000037s ]
INFO: [ app_init ] --END-- [ RunTime:0.000764s ]
INFO: [ app_begin ] --START--
INFO: Run Behavior\ReadHtmlCacheBehavior [ RunTime:0.001115s ]
INFO: [ app_begin ] --END-- [ RunTime:0.001311s ]
INFO: [ view_parse ] --START--
INFO: [ template_filter ] --START--
INFO: Run Behavior\ContentReplaceBehavior [ RunTime:0.000228s ]
INFO: [ template_filter ] --END-- [ RunTime:0.000416s ]
NOTIC: [8] Undefined variable: value E:\www\tp_demo\Application\Runtime\Cache\Home\2a94b8bda04ff446dcedd42276fc99ee.php 第 203 行.
NOTIC: [8] Undefined variable: value E:\www\tp_demo\Application\Runtime\Cache\Home\2a94b8bda04ff446dcedd42276fc99ee.php 第 216 行.
NOTIC: [8] Undefined variable: value E:\www\tp_demo\Application\Runtime\Cache\Home\2a94b8bda04ff446dcedd42276fc99ee.php 第 443 行.
NOTIC: [8] Undefined variable: value E:\www\tp_demo\Application\Runtime\Cache\Home\2a94b8bda04ff446dcedd42276fc99ee.php 第 444 行.
NOTIC: [8] Undefined variable: value E:\www\tp_demo\Application\Runtime\Cache\Home\2a94b8bda04ff446dcedd42276fc99ee.php 第 445 行.
NOTIC: [8] Undefined variable: value E:\www\tp_demo\Application\Runtime\Cache\Home\2a94b8bda04ff446dcedd42276fc99ee.php 第 448 行.
NOTIC: [8] Undefined variable: value E:\www\tp_demo\Application\Runtime\Cache\Home\2a94b8bda04ff446dcedd42276fc99ee.php 第 450 行.
NOTIC: [8] Undefined variable: pager E:\www\tp_demo\Application\Runtime\Cache\Home\2a94b8bda04ff446dcedd42276fc99ee.php 第 459 行.
INFO: Run Behavior\ParseTemplateBehavior [ RunTime:0.025579s ]
INFO: [ view_parse ] --END-- [ RunTime:0.025821s ]
INFO: [ view_filter ] --START--
INFO: Run Behavior\WriteHtmlCacheBehavior [ RunTime:0.000822s ]
INFO: [ view_filter ] --END-- [ RunTime:0.001057s ]
INFO: [ app_end ] --START--
INFO: Run Behavior\ShowPageTraceBehavior [ RunTime:0.001035s ]
INFO: [ app_end ] --END-- [ RunTime:0.001186s ]

